This is pdfTeX, Version 3.14159265-2.6-1.40.20 (TeX Live 2019/Debian) (preloaded format=pdflatex 2021.4.30)  13 JUL 2021 15:51
entering extended mode
 restricted \write18 enabled.
 %&-line parsing enabled.
**Complete_2ndDraft.tex
(./Complete_2ndDraft.tex
LaTeX2e <2020-02-02> patch level 2
L3 programming layer <2020-02-14>
(/usr/share/texlive/texmf-dist/tex/latex/memoir/memoir.cls
Document Class: memoir 2019/11/21 v3.7j configurable book, report, article docu
ment class
\onelineskip=\skip47
\lxvchars=\skip48
\xlvchars=\skip49
\@memcnta=\count167
\c@@memmarkcntra=\count168
LaTeX Info: Redefining \InputIfFileExists on input line 140.
(/usr/share/texlive/texmf-dist/tex/generic/iftex/iftex.sty
Package: iftex 2019/11/07 v1.0c TeX engine tests
)
\stockheight=\skip50
\stockwidth=\skip51
\trimtop=\skip52
\trimedge=\skip53

(/usr/share/texlive/texmf-dist/tex/latex/memoir/mem11.clo
File: mem11.clo 2008/01/30 v0.3 memoir class 11pt size option
)
\binding=\skip54
\spinemargin=\skip55
\foremargin=\skip56
\uppermargin=\skip57
\lowermargin=\skip58
\headdrop=\skip59
\normalrulethickness=\skip60
\mem@maxheadheight=\skip61
\mem@maxfootheight=\skip62
\headwidth=\skip63
\c@storedpagenumber=\count169
\memPD=\dimen134
\m@mabparskip=\skip64
\thanksmarkwidth=\skip65
\thanksmarksep=\skip66
\droptitle=\skip67
\c@book=\count170
\c@part=\count171
\c@chapter=\count172
\c@section=\count173
\c@subsection=\count174
\c@subsubsection=\count175
\c@paragraph=\count176
\c@subparagraph=\count177
\beforechapskip=\skip68
\midchapskip=\skip69
\afterchapskip=\skip70
\chapindent=\skip71
\bottomsectionskip=\skip72
\secindent=\skip73
\beforesecskip=\skip74
\aftersecskip=\skip75
\subsecindent=\skip76
\beforesubsecskip=\skip77
\aftersubsecskip=\skip78
\subsubsecindent=\skip79
\beforesubsubsecskip=\skip80
\aftersubsubsecskip=\skip81
\paraindent=\skip82
\beforeparaskip=\skip83
\afterparaskip=\skip84
\subparaindent=\skip85
\beforesubparaskip=\skip86
\aftersubparaskip=\skip87
\pfbreakskip=\skip88
\c@@ppsavesec=\count178
\c@@ppsaveapp=\count179
\ragrparindent=\dimen135
\everylistparindent=\dimen136
\parsepi=\skip89
\topsepi=\skip90
\itemsepi=\skip91
\parsepii=\skip92
\topsepii=\skip93
\topsepiii=\skip94
\itemsepii=\skip95
\itemsepiii=\skip96
\partopsepii=\skip97
\partopsepiii=\skip98
\m@msavetopsep=\skip99
\m@msavepartopsep=\skip100
\@enLab=\toks14
\abstitleskip=\skip101
\absleftindent=\skip102
\abs@leftindent=\dimen137
\absrightindent=\skip103
\absparindent=\skip104
\absparsep=\skip105
\c@vslineno=\count180
\c@poemline=\count181
\c@modulo@vs=\count182
\c@memfvsline=\count183
\vleftskip=\skip106
\vrightskip=\skip107
\stanzaskip=\skip108
\versewidth=\skip109
\vgap=\skip110
\vindent=\skip111
\vleftmargin=\dimen138
\c@verse=\count184
\c@chrsinstr=\count185
\beforepoemtitleskip=\skip112
\afterpoemtitleskip=\skip113
\c@poem=\count186
\beforePoemTitleskip=\skip114
\midPoemTitleskip=\skip115
\afterPoemTitleskip=\skip116

(/usr/share/texlive/texmf-dist/tex/latex/tools/array.sty
Package: array 2019/08/31 v2.4l Tabular extension package (FMi)
\col@sep=\dimen139
\ar@mcellbox=\box45
\extrarowheight=\dimen140
\NC@list=\toks15
\extratabsurround=\skip117
\backup@length=\skip118
\ar@cellbox=\box46
)
(/usr/share/texlive/texmf-dist/tex/latex/tools/dcolumn.sty
Package: dcolumn 2014/10/28 v1.06 decimal alignment package (DPC)
)
(/usr/share/texlive/texmf-dist/tex/latex/tools/delarray.sty
Package: delarray 2014/10/28 v1.01 array delimiter package (DPC)
)
(/usr/share/texlive/texmf-dist/tex/latex/tools/tabularx.sty
Package: tabularx 2020/01/15 v2.11c `tabularx' package (DPC)
\TX@col@width=\dimen141
\TX@old@table=\dimen142
\TX@old@col=\dimen143
\TX@target=\dimen144
\TX@delta=\dimen145
\TX@cols=\count187
\TX@ftn=\toks16
)
\heavyrulewidth=\dimen146
\lightrulewidth=\dimen147
\cmidrulewidth=\dimen148
\belowrulesep=\dimen149
\belowbottomsep=\dimen150
\aboverulesep=\dimen151
\abovetopsep=\dimen152
\cmidrulesep=\dimen153
\cmidrulekern=\dimen154
\defaultaddspace=\dimen155
\@cmidla=\count188
\@cmidlb=\count189
\@aboverulesep=\dimen156
\@belowrulesep=\dimen157
\@thisruleclass=\count190
\@lastruleclass=\count191
\@thisrulewidth=\dimen158
\ctableftskip=\skip119
\ctabrightskip=\skip120
\abovecolumnspenalty=\count192
\@linestogo=\count193
\@cellstogo=\count194
\@cellsincolumn=\count195
\crtok=\toks17
\@mincolumnwidth=\dimen159
\c@newflo@tctr=\count196
\mem@margin@floatbox=\box47
\@contcwidth=\skip121
\@contindw=\skip122
\abovecaptionskip=\skip123
\belowcaptionskip=\skip124
\subfloattopskip=\skip125
\subfloatcapskip=\skip126
\subfloatcaptopadj=\skip127
\subfloatbottomskip=\skip128
\subfloatlabelskip=\skip129
\subfloatcapmargin=\dimen160
\c@@contsubnum=\count197
\m@mscap@capbox=\box48
\m@mscap@fbox=\box49
\sidecapsep=\dimen161
\sidecapwidth=\dimen162
\m@m@tempdima=\dimen163
\m@mscapraise=\dimen164
\sidecapraise=\dimen165
\m@mscapmainwidth=\dimen166
\m@mscaplkern=\dimen167
\beforeepigraphskip=\skip130
\afterepigraphskip=\skip131
\epigraphwidth=\skip132
\epigraphrule=\skip133
LaTeX Info: Redefining \em on input line 7662.
LaTeX Info: Redefining \emph on input line 7670.
\tocentryskip=\skip134
\tocbaseline=\skip135
\cftparskip=\skip136
\cftbeforebookskip=\skip137
\cftbookindent=\dimen168
\cftbooknumwidth=\dimen169
\cftbeforepartskip=\skip138
\cftpartindent=\skip139
\cftpartnumwidth=\skip140
\cftbeforechapterskip=\skip141
\cftchapterindent=\skip142
\cftchapternumwidth=\skip143
\cftbeforesectionskip=\skip144
\cftsectionindent=\skip145
\cftsectionnumwidth=\skip146
\cftbeforesubsectionskip=\skip147
\cftsubsectionindent=\skip148
\cftsubsectionnumwidth=\skip149
\cftbeforesubsubsectionskip=\skip150
\cftsubsubsectionindent=\skip151
\cftsubsubsectionnumwidth=\skip152
\cftbeforeparagraphskip=\skip153
\cftparagraphindent=\skip154
\cftparagraphnumwidth=\skip155
\cftbeforesubparagraphskip=\skip156
\cftsubparagraphindent=\skip157
\cftsubparagraphnumwidth=\skip158
\prechapterprecisshift=\dimen170
\c@maxsecnumdepth=\count198
\bibindent=\dimen171
\bibitemsep=\skip159
\indexcolsep=\skip160
\indexrule=\skip161
\indexmarkstyle=\toks18
\@indexbox=\insert199
\glossarycolsep=\dimen172
\glossaryrule=\dimen173
\sideparvshift=\skip162
\sideins=\insert252
\sidebartopsep=\skip163
\sidebarhsep=\skip164
\sidebarvsep=\skip165
\sidebarwidth=\skip166
\footmarkwidth=\skip167
\footmarksep=\skip168
\footparindent=\skip169
\footinsdim=\skip170
\footinsv@r=\insert251
\@mpfootinsv@r=\insert250
\m@m@k=\count266
\m@m@h=\dimen174
\m@mipn@skip=\skip171
\sidefootins=\insert249
\sidefootadjust=\skip172
\sidefootheight=\skip173
\sidefoothsep=\skip174
\sidefootvsep=\skip175
\sidefootwidth=\skip176
\m@mdownsf=\skip177
\c@sidefootnote=\count267
\sidefootmarkwidth=\skip178
\sidefootmarksep=\skip179
\sidefootparindent=\skip180
\c@pagenote=\count268
\c@pagenoteshadow=\count269
\mem@pn@lastkern=\skip181
\every@verbatim=\toks19
\afterevery@verbatim=\toks20
\verbatim@line=\toks21
\tab@position=\count270
\verbatim@in@stream=\read2
\verbatimindent=\skip182
\verbatim@out=\write3
\bvboxsep=\skip183
\c@memfbvline=\count271
\c@bvlinectr=\count272
\bvnumlength=\skip184
\fb@frw=\dimen175
\fb@frh=\dimen176
\FrameRule=\dimen177
\FrameSep=\dimen178
\c@cp@cntr=\count273
LaTeX Info: Redefining \: on input line 12187.
LaTeX Info: Redefining \! on input line 12189.
\c@ism@mctr=\count274
\c@xsm@mctr=\count275
\c@csm@mctr=\count276
\c@ksm@mctr=\count277
\c@xksm@mctr=\count278
\c@cksm@mctr=\count279
\c@msm@mctr=\count280
\c@xmsm@mctr=\count281
\c@cmsm@mctr=\count282
\c@bsm@mctr=\count283
\c@workm@mctr=\count284
\c@sheetsequence=\count285
\c@lastsheet=\count286
\c@lastpage=\count287

(/usr/share/texlive/texmf-dist/tex/latex/textcase/textcase.sty
Package: textcase 2019/09/14 v1.00 Text only upper/lower case changing (DPC)
)
\c@figure=\count288
\c@lofdepth=\count289
\cftbeforefigureskip=\skip185
\cftfigureindent=\skip186
\cftfigurenumwidth=\skip187
\c@table=\count290
\c@lotdepth=\count291
\cftbeforetableskip=\skip188
\cfttableindent=\skip189
\cfttablenumwidth=\skip190
Package abstract [2008/07/23] emulated by memoir.
Package appendix [2008/07/23] emulated by memoir.
Package booktabs [2016/05/16] emulated by memoir.
Package ccaption [2008/07/23] emulated by memoir.
Package changepage [2008/07/23] emulated by memoir.
Package chngcntr [2008/07/23] emulated by memoir.
Package chngpage [2008/07/23] emulated by memoir.
Package crop emulated by memoir.
Package enumerate [2008/07/23] emulated by memoir.
Package epigraph [2008/07/23] emulated by memoir.
Package ifmtarg [2008/07/23] emulated by memoir.
Package index [2008/07/23] emulated by memoir.
Package makeidx [2008/07/23] emulated by memoir.
Package moreverb [2008/07/23] emulated by memoir.
Package mparhack [2008/07/23] emulated by memoir.
Package needspace [2008/07/23] emulated by memoir.
Package newfile [2008/07/23] emulated by memoir.
Package nextpage [2008/07/23] emulated by memoir.
Package pagenote [2008/07/23] emulated by memoir.
Package parskip [2008/07/23] emulated by memoir.
Package patchcmd [2008/07/23] emulated by memoir.
Package setspace [2008/07/23] emulated by memoir.
Package shortvrb [2008/07/23] emulated by memoir.
Package showidx [2008/07/23] emulated by memoir.
Package titleref [2008/07/23] emulated by memoir.
Package titling [2008/07/23] emulated by memoir.
Package tocbibind [2008/07/23] emulated by memoir.
Package tocloft [2008/07/23] emulated by memoir.
Package tocvsec2 [2008/07/23] emulated by memoir.
Package verbatim [2008/07/23] emulated by memoir.
Package verse [2008/07/23] emulated by memoir.
)
(/usr/share/texlive/texmf-dist/tex/latex/base/inputenc.sty
Package: inputenc 2018/08/11 v1.3c Input encoding file
\inpenc@prehook=\toks22
\inpenc@posthook=\toks23
)
(/usr/share/texlive/texmf-dist/tex/latex/amsmath/amsmath.sty
Package: amsmath 2020/01/20 v2.17e AMS math features
\@mathmargin=\skip191

For additional information on amsmath, use the `?' option.
(/usr/share/texlive/texmf-dist/tex/latex/amsmath/amstext.sty
Package: amstext 2000/06/29 v2.01 AMS text

(/usr/share/texlive/texmf-dist/tex/latex/amsmath/amsgen.sty
File: amsgen.sty 1999/11/30 v2.0 generic functions
\@emptytoks=\toks24
\ex@=\dimen179
))
(/usr/share/texlive/texmf-dist/tex/latex/amsmath/amsbsy.sty
Package: amsbsy 1999/11/29 v1.2d Bold Symbols
\pmbraise@=\dimen180
)
(/usr/share/texlive/texmf-dist/tex/latex/amsmath/amsopn.sty
Package: amsopn 2016/03/08 v2.02 operator names
)
\inf@bad=\count292
LaTeX Info: Redefining \frac on input line 227.
\uproot@=\count293
\leftroot@=\count294
LaTeX Info: Redefining \overline on input line 389.
\classnum@=\count295
\DOTSCASE@=\count296
LaTeX Info: Redefining \ldots on input line 486.
LaTeX Info: Redefining \dots on input line 489.
LaTeX Info: Redefining \cdots on input line 610.
\Mathstrutbox@=\box50
\strutbox@=\box51
\big@size=\dimen181
LaTeX Font Info:    Redeclaring font encoding OML on input line 733.
LaTeX Font Info:    Redeclaring font encoding OMS on input line 734.
\macc@depth=\count297
\c@MaxMatrixCols=\count298
\dotsspace@=\muskip16
\c@parentequation=\count299
\dspbrk@lvl=\count300
\tag@help=\toks25
\row@=\count301
\column@=\count302
\maxfields@=\count303
\andhelp@=\toks26
\eqnshift@=\dimen182
\alignsep@=\dimen183
\tagshift@=\dimen184
\tagwidth@=\dimen185
\totwidth@=\dimen186
\lineht@=\dimen187
\@envbody=\toks27
\multlinegap=\skip192
\multlinetaggap=\skip193
\mathdisplay@stack=\toks28
LaTeX Info: Redefining \[ on input line 2859.
LaTeX Info: Redefining \] on input line 2860.
)
(/usr/share/texlive/texmf-dist/tex/latex/amsfonts/amsfonts.sty
Package: amsfonts 2013/01/14 v3.01 Basic AMSFonts support
\symAMSa=\mathgroup4
\symAMSb=\mathgroup5
LaTeX Font Info:    Redeclaring math symbol \hbar on input line 98.
LaTeX Font Info:    Overwriting math alphabet `\mathfrak' in version `bold'
(Font)                  U/euf/m/n --> U/euf/b/n on input line 106.
)
(/usr/share/texlive/texmf-dist/tex/latex/amsfonts/amssymb.sty
Package: amssymb 2013/01/14 v3.01 AMS font symbols
)
(/usr/share/texlive/texmf-dist/tex/latex/wasysym/wasysym.sty
Package: wasysym 2020/01/19 v2.4 Wasy-2 symbol support package
\symwasy=\mathgroup6
LaTeX Font Info:    Overwriting symbol font `wasy' in version `bold'
(Font)                  U/wasy/m/n --> U/wasy/b/n on input line 93.
)
(/usr/share/texlive/texmf-dist/tex/latex/media9/media9.sty
(/usr/share/texlive/texmf-dist/tex/latex/l3kernel/expl3.sty
Package: expl3 2020-02-14 L3 programming layer (loader) 

(/usr/share/texlive/texmf-dist/tex/latex/l3backend/l3backend-pdfmode.def
File: l3backend-pdfmode.def 2020-02-03 L3 backend support: PDF mode
\l__kernel_color_stack_int=\count304
\l__pdf_internal_box=\box52
))
(/usr/share/texlive/texmf-dist/tex/latex/l3packages/l3keys2e/l3keys2e.sty
Package: l3keys2e 2020-02-14 LaTeX2e option processing using LaTeX3 keys
)
(/usr/share/texlive/texmf-dist/tex/latex/l3packages/xparse/xparse.sty
Package: xparse 2020-02-14 L3 Experimental document command parser
\l__xparse_current_arg_int=\count305
\g__xparse_grabber_int=\count306
\l__xparse_m_args_int=\count307
\l__xparse_v_nesting_int=\count308
)
(/usr/share/texlive/texmf-dist/tex/generic/atbegshi/atbegshi.sty
Package: atbegshi 2019/12/05 v1.19 At begin shipout hook (HO)

(/usr/share/texlive/texmf-dist/tex/generic/infwarerr/infwarerr.sty
Package: infwarerr 2019/12/03 v1.5 Providing info/warning/error messages (HO)
)
(/usr/share/texlive/texmf-dist/tex/generic/ltxcmds/ltxcmds.sty
Package: ltxcmds 2019/12/15 v1.24 LaTeX kernel commands for general use (HO)
))
Package: media9 2020/01/27 v1.05 acrobat-9/X compatible media
\g_mix_pkgresizeflag_int=\count309

(/usr/share/texlive/texmf-dist/tex/latex/media9/pdfbase.sty
Package: pdfbase 2020/01/27 v0.36 driver independent access to low-level PDF fe
atures
\g_pbs_page_int=\count310
\g_pbs_oc_int=\count311
)
(/usr/share/texlive/texmf-dist/tex/latex/ocgx2/ocgbase.sty
Package: ocgbase 2019/11/04 v0.17 support package for ocgx2.sty
\g_ocgbase_nd_int=\count312
)
\l_mix_poster_box=\box53
\g_mix_wd_dim=\dimen188
\g_mix_ht_dim=\dimen189
\g_mix_dp_dim=\dimen190
\g_mix_rmcnt_int=\count313
\l_mix_viewcnt_int=\count314
\g@mix@page@int=\count315
\g_mix_resizeflag_int=\count316
\l_mix_lineno_int=\count317
\l_mix_pbtn_box=\box54
\mix@btn@dim=\dimen191
\g_mix_mbtncnt_int=\count318
)
(/usr/share/texlive/texmf-dist/tex/latex/graphics/graphicx.sty
Package: graphicx 2019/11/30 v1.2a Enhanced LaTeX Graphics (DPC,SPQR)

(/usr/share/texlive/texmf-dist/tex/latex/graphics/keyval.sty
Package: keyval 2014/10/28 v1.15 key=value parser (DPC)
\KV@toks@=\toks29
)
(/usr/share/texlive/texmf-dist/tex/latex/graphics/graphics.sty
Package: graphics 2019/11/30 v1.4a Standard LaTeX Graphics (DPC,SPQR)

(/usr/share/texlive/texmf-dist/tex/latex/graphics/trig.sty
Package: trig 2016/01/03 v1.10 sin cos tan (DPC)
)
(/usr/share/texlive/texmf-dist/tex/latex/graphics-cfg/graphics.cfg
File: graphics.cfg 2016/06/04 v1.11 sample graphics configuration
)
Package graphics Info: Driver file: pdftex.def on input line 105.

(/usr/share/texlive/texmf-dist/tex/latex/graphics-def/pdftex.def
File: pdftex.def 2018/01/08 v1.0l Graphics/color driver for pdftex
))
\Gin@req@height=\dimen192
\Gin@req@width=\dimen193
)
(/usr/share/texlive/texmf-dist/tex/latex/wrapfig/wrapfig.sty
\wrapoverhang=\dimen194
\WF@size=\dimen195
\c@WF@wrappedlines=\count319
\WF@box=\box55
\WF@everypar=\toks30
Package: wrapfig 2003/01/31  v 3.6
)

Class memoir Warning: For the caption package to function properly with memoir,
 we will now reset\caption and friends to kernel defaults and then let the capt
ion package take over. Remember: all caption configuration now goves via the ca
ption package interface, not the interface from the memoir class. .

(/usr/share/texlive/texmf-dist/tex/latex/caption/caption.sty
Package: caption 2020/01/03 v3.4h Customizing captions (AR)

(/usr/share/texlive/texmf-dist/tex/latex/caption/caption3.sty
Package: caption3 2020/01/03 v1.8h caption3 kernel (AR)
Package caption3 Info: TeX engine: e-TeX on input line 61.
\captionmargin=\dimen196
\captionmargin@=\dimen197
\captionwidth=\dimen198
\caption@tempdima=\dimen256
\caption@indent=\dimen257
\caption@parindent=\dimen258
\caption@hangindent=\dimen259
Package caption Info: memoir document class detected.
)
\c@caption@flags=\count320
\c@continuedfloat=\count321
Package caption Info: wrapfig package is loaded.
)
(/usr/share/texlive/texmf-dist/tex/latex/graphics/epsfig.sty
Package: epsfig 2017/06/25 v1.7b (e)psfig emulation (SPQR)
\epsfxsize=\dimen260
\epsfysize=\dimen261
)
(/usr/share/texlive/texmf-dist/tex/latex/caption/subcaption.sty
Package: subcaption 2020/01/22 v1.3d Sub-captions (AR)
\c@subfigure=\count322
\c@subtable=\count323
)
(/usr/share/texlive/texmf-dist/tex/latex/jknapltx/mathrsfs.sty
Package: mathrsfs 1996/01/01 Math RSFS package v1.0 (jk)
\symrsfs=\mathgroup7
)
(/usr/share/texlive/texmf-dist/tex/latex/listings/listings.sty
\lst@mode=\count324
\lst@gtempboxa=\box56
\lst@token=\toks31
\lst@length=\count325
\lst@currlwidth=\dimen262
\lst@column=\count326
\lst@pos=\count327
\lst@lostspace=\dimen263
\lst@width=\dimen264
\lst@newlines=\count328
\lst@lineno=\count329
\lst@maxwidth=\dimen265

(/usr/share/texlive/texmf-dist/tex/latex/listings/lstmisc.sty
File: lstmisc.sty 2019/09/10 1.8c (Carsten Heinz)
\c@lstnumber=\count330
\lst@skipnumbers=\count331
\lst@framebox=\box57
)
(/usr/share/texlive/texmf-dist/tex/latex/listings/listings.cfg
File: listings.cfg 2019/09/10 1.8c listings configuration
))
Package: listings 2019/09/10 1.8c (Carsten Heinz)

(/usr/share/texlive/texmf-dist/tex/latex/graphics/color.sty
Package: color 2019/11/23 v1.2a Standard LaTeX Color (DPC)

(/usr/share/texlive/texmf-dist/tex/latex/graphics-cfg/color.cfg
File: color.cfg 2016/01/02 v1.6 sample color configuration
)
Package color Info: Driver file: pdftex.def on input line 147.

(/usr/share/texlive/texmf-dist/tex/latex/graphics/dvipsnam.def
File: dvipsnam.def 2016/06/17 v3.0m Driver-dependent file (DPC,SPQR)
))
(/usr/share/texlive/texmf-dist/tex/latex/pgf/basiclayer/pgf.sty
(/usr/share/texlive/texmf-dist/tex/latex/pgf/utilities/pgfrcs.sty
(/usr/share/texlive/texmf-dist/tex/generic/pgf/utilities/pgfutil-common.tex
\pgfutil@everybye=\toks32
\pgfutil@tempdima=\dimen266
\pgfutil@tempdimb=\dimen267

(/usr/share/texlive/texmf-dist/tex/generic/pgf/utilities/pgfutil-common-lists.t
ex)) (/usr/share/texlive/texmf-dist/tex/generic/pgf/utilities/pgfutil-latex.def
\pgfutil@abb=\box58
(/usr/share/texlive/texmf-dist/tex/latex/ms/everyshi.sty
Package: everyshi 2001/05/15 v3.00 EveryShipout Package (MS)
))
(/usr/share/texlive/texmf-dist/tex/generic/pgf/utilities/pgfrcs.code.tex
(/usr/share/texlive/texmf-dist/tex/generic/pgf/pgf.revision.tex)
Package: pgfrcs 2020/01/08 v3.1.5b (3.1.5b)
))
Package: pgf 2020/01/08 v3.1.5b (3.1.5b)

(/usr/share/texlive/texmf-dist/tex/latex/pgf/basiclayer/pgfcore.sty
(/usr/share/texlive/texmf-dist/tex/latex/pgf/systemlayer/pgfsys.sty
(/usr/share/texlive/texmf-dist/tex/generic/pgf/systemlayer/pgfsys.code.tex
Package: pgfsys 2020/01/08 v3.1.5b (3.1.5b)

(/usr/share/texlive/texmf-dist/tex/generic/pgf/utilities/pgfkeys.code.tex
\pgfkeys@pathtoks=\toks33
\pgfkeys@temptoks=\toks34

(/usr/share/texlive/texmf-dist/tex/generic/pgf/utilities/pgfkeysfiltered.code.t
ex
\pgfkeys@tmptoks=\toks35
))
\pgf@x=\dimen268
\pgf@y=\dimen269
\pgf@xa=\dimen270
\pgf@ya=\dimen271
\pgf@xb=\dimen272
\pgf@yb=\dimen273
\pgf@xc=\dimen274
\pgf@yc=\dimen275
\pgf@xd=\dimen276
\pgf@yd=\dimen277
\w@pgf@writea=\write4
\r@pgf@reada=\read3
\c@pgf@counta=\count332
\c@pgf@countb=\count333
\c@pgf@countc=\count334
\c@pgf@countd=\count335
\t@pgf@toka=\toks36
\t@pgf@tokb=\toks37
\t@pgf@tokc=\toks38
\pgf@sys@id@count=\count336
 (/usr/share/texlive/texmf-dist/tex/generic/pgf/systemlayer/pgf.cfg
File: pgf.cfg 2020/01/08 v3.1.5b (3.1.5b)
)
Driver file for pgf: pgfsys-pdftex.def

(/usr/share/texlive/texmf-dist/tex/generic/pgf/systemlayer/pgfsys-pdftex.def
File: pgfsys-pdftex.def 2020/01/08 v3.1.5b (3.1.5b)

(/usr/share/texlive/texmf-dist/tex/generic/pgf/systemlayer/pgfsys-common-pdf.de
f
File: pgfsys-common-pdf.def 2020/01/08 v3.1.5b (3.1.5b)
)))
(/usr/share/texlive/texmf-dist/tex/generic/pgf/systemlayer/pgfsyssoftpath.code.
tex
File: pgfsyssoftpath.code.tex 2020/01/08 v3.1.5b (3.1.5b)
\pgfsyssoftpath@smallbuffer@items=\count337
\pgfsyssoftpath@bigbuffer@items=\count338
)
(/usr/share/texlive/texmf-dist/tex/generic/pgf/systemlayer/pgfsysprotocol.code.
tex
File: pgfsysprotocol.code.tex 2020/01/08 v3.1.5b (3.1.5b)
)) (/usr/share/texlive/texmf-dist/tex/latex/xcolor/xcolor.sty
Package: xcolor 2016/05/11 v2.12 LaTeX color extensions (UK)

(/usr/share/texlive/texmf-dist/tex/latex/graphics-cfg/color.cfg
File: color.cfg 2016/01/02 v1.6 sample color configuration
)
Package xcolor Info: Driver file: pdftex.def on input line 225.
LaTeX Info: Redefining \color on input line 709.
Package xcolor Info: Model `cmy' substituted by `cmy0' on input line 1348.
Package xcolor Info: Model `hsb' substituted by `rgb' on input line 1352.
Package xcolor Info: Model `RGB' extended on input line 1364.
Package xcolor Info: Model `HTML' substituted by `rgb' on input line 1366.
Package xcolor Info: Model `Hsb' substituted by `hsb' on input line 1367.
Package xcolor Info: Model `tHsb' substituted by `hsb' on input line 1368.
Package xcolor Info: Model `HSB' substituted by `hsb' on input line 1369.
Package xcolor Info: Model `Gray' substituted by `gray' on input line 1370.
Package xcolor Info: Model `wave' substituted by `hsb' on input line 1371.
)
(/usr/share/texlive/texmf-dist/tex/generic/pgf/basiclayer/pgfcore.code.tex
Package: pgfcore 2020/01/08 v3.1.5b (3.1.5b)

(/usr/share/texlive/texmf-dist/tex/generic/pgf/math/pgfmath.code.tex
(/usr/share/texlive/texmf-dist/tex/generic/pgf/math/pgfmathcalc.code.tex
(/usr/share/texlive/texmf-dist/tex/generic/pgf/math/pgfmathutil.code.tex)
(/usr/share/texlive/texmf-dist/tex/generic/pgf/math/pgfmathparser.code.tex
\pgfmath@dimen=\dimen278
\pgfmath@count=\count339
\pgfmath@box=\box59
\pgfmath@toks=\toks39
\pgfmath@stack@operand=\toks40
\pgfmath@stack@operation=\toks41
)
(/usr/share/texlive/texmf-dist/tex/generic/pgf/math/pgfmathfunctions.code.tex
(/usr/share/texlive/texmf-dist/tex/generic/pgf/math/pgfmathfunctions.basic.code
.tex)
(/usr/share/texlive/texmf-dist/tex/generic/pgf/math/pgfmathfunctions.trigonomet
ric.code.tex)
(/usr/share/texlive/texmf-dist/tex/generic/pgf/math/pgfmathfunctions.random.cod
e.tex)
(/usr/share/texlive/texmf-dist/tex/generic/pgf/math/pgfmathfunctions.comparison
.code.tex)
(/usr/share/texlive/texmf-dist/tex/generic/pgf/math/pgfmathfunctions.base.code.
tex)
(/usr/share/texlive/texmf-dist/tex/generic/pgf/math/pgfmathfunctions.round.code
.tex)
(/usr/share/texlive/texmf-dist/tex/generic/pgf/math/pgfmathfunctions.misc.code.
tex)
(/usr/share/texlive/texmf-dist/tex/generic/pgf/math/pgfmathfunctions.integerari
thmetics.code.tex)))
(/usr/share/texlive/texmf-dist/tex/generic/pgf/math/pgfmathfloat.code.tex
\c@pgfmathroundto@lastzeros=\count340
))
(/usr/share/texlive/texmf-dist/tex/generic/pgf/math/pgfint.code.tex)
(/usr/share/texlive/texmf-dist/tex/generic/pgf/basiclayer/pgfcorepoints.code.te
x
File: pgfcorepoints.code.tex 2020/01/08 v3.1.5b (3.1.5b)
\pgf@picminx=\dimen279
\pgf@picmaxx=\dimen280
\pgf@picminy=\dimen281
\pgf@picmaxy=\dimen282
\pgf@pathminx=\dimen283
\pgf@pathmaxx=\dimen284
\pgf@pathminy=\dimen285
\pgf@pathmaxy=\dimen286
\pgf@xx=\dimen287
\pgf@xy=\dimen288
\pgf@yx=\dimen289
\pgf@yy=\dimen290
\pgf@zx=\dimen291
\pgf@zy=\dimen292
)
(/usr/share/texlive/texmf-dist/tex/generic/pgf/basiclayer/pgfcorepathconstruct.
code.tex
File: pgfcorepathconstruct.code.tex 2020/01/08 v3.1.5b (3.1.5b)
\pgf@path@lastx=\dimen293
\pgf@path@lasty=\dimen294
)
(/usr/share/texlive/texmf-dist/tex/generic/pgf/basiclayer/pgfcorepathusage.code
.tex
File: pgfcorepathusage.code.tex 2020/01/08 v3.1.5b (3.1.5b)
\pgf@shorten@end@additional=\dimen295
\pgf@shorten@start@additional=\dimen296
)
(/usr/share/texlive/texmf-dist/tex/generic/pgf/basiclayer/pgfcorescopes.code.te
x
File: pgfcorescopes.code.tex 2020/01/08 v3.1.5b (3.1.5b)
\pgfpic=\box60
\pgf@hbox=\box61
\pgf@layerbox@main=\box62
\pgf@picture@serial@count=\count341
)
(/usr/share/texlive/texmf-dist/tex/generic/pgf/basiclayer/pgfcoregraphicstate.c
ode.tex
File: pgfcoregraphicstate.code.tex 2020/01/08 v3.1.5b (3.1.5b)
\pgflinewidth=\dimen297
)
(/usr/share/texlive/texmf-dist/tex/generic/pgf/basiclayer/pgfcoretransformation
s.code.tex
File: pgfcoretransformations.code.tex 2020/01/08 v3.1.5b (3.1.5b)
\pgf@pt@x=\dimen298
\pgf@pt@y=\dimen299
\pgf@pt@temp=\dimen300
)
(/usr/share/texlive/texmf-dist/tex/generic/pgf/basiclayer/pgfcorequick.code.tex
File: pgfcorequick.code.tex 2020/01/08 v3.1.5b (3.1.5b)
)
(/usr/share/texlive/texmf-dist/tex/generic/pgf/basiclayer/pgfcoreobjects.code.t
ex
File: pgfcoreobjects.code.tex 2020/01/08 v3.1.5b (3.1.5b)
)
(/usr/share/texlive/texmf-dist/tex/generic/pgf/basiclayer/pgfcorepathprocessing
.code.tex
File: pgfcorepathprocessing.code.tex 2020/01/08 v3.1.5b (3.1.5b)
)
(/usr/share/texlive/texmf-dist/tex/generic/pgf/basiclayer/pgfcorearrows.code.te
x
File: pgfcorearrows.code.tex 2020/01/08 v3.1.5b (3.1.5b)
\pgfarrowsep=\dimen301
)
(/usr/share/texlive/texmf-dist/tex/generic/pgf/basiclayer/pgfcoreshade.code.tex
File: pgfcoreshade.code.tex 2020/01/08 v3.1.5b (3.1.5b)
\pgf@max=\dimen302
\pgf@sys@shading@range@num=\count342
\pgf@shadingcount=\count343
)
(/usr/share/texlive/texmf-dist/tex/generic/pgf/basiclayer/pgfcoreimage.code.tex
File: pgfcoreimage.code.tex 2020/01/08 v3.1.5b (3.1.5b)

(/usr/share/texlive/texmf-dist/tex/generic/pgf/basiclayer/pgfcoreexternal.code.
tex
File: pgfcoreexternal.code.tex 2020/01/08 v3.1.5b (3.1.5b)
\pgfexternal@startupbox=\box63
))
(/usr/share/texlive/texmf-dist/tex/generic/pgf/basiclayer/pgfcorelayers.code.te
x
File: pgfcorelayers.code.tex 2020/01/08 v3.1.5b (3.1.5b)
)
(/usr/share/texlive/texmf-dist/tex/generic/pgf/basiclayer/pgfcoretransparency.c
ode.tex
File: pgfcoretransparency.code.tex 2020/01/08 v3.1.5b (3.1.5b)
)
(/usr/share/texlive/texmf-dist/tex/generic/pgf/basiclayer/pgfcorepatterns.code.
tex
File: pgfcorepatterns.code.tex 2020/01/08 v3.1.5b (3.1.5b)
)
(/usr/share/texlive/texmf-dist/tex/generic/pgf/basiclayer/pgfcorerdf.code.tex
File: pgfcorerdf.code.tex 2020/01/08 v3.1.5b (3.1.5b)
)))
(/usr/share/texlive/texmf-dist/tex/generic/pgf/modules/pgfmoduleshapes.code.tex
File: pgfmoduleshapes.code.tex 2020/01/08 v3.1.5b (3.1.5b)
\pgfnodeparttextbox=\box64
) (/usr/share/texlive/texmf-dist/tex/generic/pgf/modules/pgfmoduleplot.code.tex
File: pgfmoduleplot.code.tex 2020/01/08 v3.1.5b (3.1.5b)
)
(/usr/share/texlive/texmf-dist/tex/latex/pgf/compatibility/pgfcomp-version-0-65
.sty
Package: pgfcomp-version-0-65 2020/01/08 v3.1.5b (3.1.5b)
\pgf@nodesepstart=\dimen303
\pgf@nodesepend=\dimen304
)
(/usr/share/texlive/texmf-dist/tex/latex/pgf/compatibility/pgfcomp-version-1-18
.sty
Package: pgfcomp-version-1-18 2020/01/08 v3.1.5b (3.1.5b)
)) (/usr/share/texlive/texmf-dist/tex/latex/etoolbox/etoolbox.sty
Package: etoolbox 2019/09/21 v2.5h e-TeX tools for LaTeX (JAW)
\etb@tempcnta=\count344
)
(/usr/share/texlive/texmf-dist/tex/latex/was/gensymb.sty
Package: gensymb 2003/07/02 v1.0 (WaS)
)
(/usr/share/texlive/texmf-dist/tex/latex/adjustbox/adjustbox.sty
Package: adjustbox 2019/01/04 v1.2 Adjusting TeX boxes (trim, clip, ...)

(/usr/share/texlive/texmf-dist/tex/latex/xkeyval/xkeyval.sty
Package: xkeyval 2014/12/03 v2.7a package option processing (HA)

(/usr/share/texlive/texmf-dist/tex/generic/xkeyval/xkeyval.tex
(/usr/share/texlive/texmf-dist/tex/generic/xkeyval/xkvutils.tex
\XKV@toks=\toks42
\XKV@tempa@toks=\toks43
)
\XKV@depth=\count345
File: xkeyval.tex 2014/12/03 v2.7a key=value parser (HA)
))
(/usr/share/texlive/texmf-dist/tex/latex/adjustbox/adjcalc.sty
Package: adjcalc 2012/05/16 v1.1 Provides advanced setlength with multiple back
-ends (calc, etex, pgfmath)
)
(/usr/share/texlive/texmf-dist/tex/latex/adjustbox/trimclip.sty
Package: trimclip 2018/04/08 v1.1 Trim and clip general TeX material

(/usr/share/texlive/texmf-dist/tex/latex/collectbox/collectbox.sty
Package: collectbox 2012/05/17 v0.4b Collect macro arguments as boxes
\collectedbox=\box65
)
\tc@llx=\dimen305
\tc@lly=\dimen306
\tc@urx=\dimen307
\tc@ury=\dimen308
Package trimclip Info: Using driver 'tc-pdftex.def'.

(/usr/share/texlive/texmf-dist/tex/latex/adjustbox/tc-pdftex.def
File: tc-pdftex.def 2019/01/04 v2.2 Clipping driver for pdftex
))
\adjbox@Width=\dimen309
\adjbox@Height=\dimen310
\adjbox@Depth=\dimen311
\adjbox@Totalheight=\dimen312
\adjbox@pwidth=\dimen313
\adjbox@pheight=\dimen314
\adjbox@pdepth=\dimen315
\adjbox@ptotalheight=\dimen316

(/usr/share/texlive/texmf-dist/tex/latex/ifoddpage/ifoddpage.sty
Package: ifoddpage 2016/04/23 v1.1 Conditionals for odd/even page detection
\c@checkoddpage=\count346
LaTeX Info: Redefining \checkoddpage on input line 45.
)
(/usr/share/texlive/texmf-dist/tex/latex/varwidth/varwidth.sty
Package: varwidth 2009/03/30 ver 0.92;  Variable-width minipages
\@vwid@box=\box66
\sift@deathcycles=\count347
\@vwid@loff=\dimen317
\@vwid@roff=\dimen318
))
(/usr/share/texlive/texmf-dist/tex/latex/todonotes/todonotes.sty
Package: todonotes 2019/01/24 v1.1.2 Todonotes source and documentation.
Package: todonotes 2018/11/22

(/usr/share/texlive/texmf-dist/tex/latex/base/ifthen.sty
Package: ifthen 2014/09/29 v1.1c Standard LaTeX ifthen package (DPC)
)
(/usr/share/texlive/texmf-dist/tex/latex/pgf/frontendlayer/tikz.sty
(/usr/share/texlive/texmf-dist/tex/latex/pgf/utilities/pgffor.sty
(/usr/share/texlive/texmf-dist/tex/latex/pgf/utilities/pgfkeys.sty
(/usr/share/texlive/texmf-dist/tex/generic/pgf/utilities/pgfkeys.code.tex))
(/usr/share/texlive/texmf-dist/tex/latex/pgf/math/pgfmath.sty
(/usr/share/texlive/texmf-dist/tex/generic/pgf/math/pgfmath.code.tex))
(/usr/share/texlive/texmf-dist/tex/generic/pgf/utilities/pgffor.code.tex
Package: pgffor 2020/01/08 v3.1.5b (3.1.5b)

(/usr/share/texlive/texmf-dist/tex/generic/pgf/math/pgfmath.code.tex)
\pgffor@iter=\dimen319
\pgffor@skip=\dimen320
\pgffor@stack=\toks44
\pgffor@toks=\toks45
))
(/usr/share/texlive/texmf-dist/tex/generic/pgf/frontendlayer/tikz/tikz.code.tex
Package: tikz 2020/01/08 v3.1.5b (3.1.5b)

(/usr/share/texlive/texmf-dist/tex/generic/pgf/libraries/pgflibraryplothandlers
.code.tex
File: pgflibraryplothandlers.code.tex 2020/01/08 v3.1.5b (3.1.5b)
\pgf@plot@mark@count=\count348
\pgfplotmarksize=\dimen321
)
\tikz@lastx=\dimen322
\tikz@lasty=\dimen323
\tikz@lastxsaved=\dimen324
\tikz@lastysaved=\dimen325
\tikz@lastmovetox=\dimen326
\tikz@lastmovetoy=\dimen327
\tikzleveldistance=\dimen328
\tikzsiblingdistance=\dimen329
\tikz@figbox=\box67
\tikz@figbox@bg=\box68
\tikz@tempbox=\box69
\tikz@tempbox@bg=\box70
\tikztreelevel=\count349
\tikznumberofchildren=\count350
\tikznumberofcurrentchild=\count351
\tikz@fig@count=\count352

(/usr/share/texlive/texmf-dist/tex/generic/pgf/modules/pgfmodulematrix.code.tex
File: pgfmodulematrix.code.tex 2020/01/08 v3.1.5b (3.1.5b)
\pgfmatrixcurrentrow=\count353
\pgfmatrixcurrentcolumn=\count354
\pgf@matrix@numberofcolumns=\count355
)
\tikz@expandcount=\count356

(/usr/share/texlive/texmf-dist/tex/generic/pgf/frontendlayer/tikz/libraries/tik
zlibrarytopaths.code.tex
File: tikzlibrarytopaths.code.tex 2020/01/08 v3.1.5b (3.1.5b)
)))
(/usr/share/texlive/texmf-dist/tex/generic/pgf/frontendlayer/tikz/libraries/tik
zlibrarypositioning.code.tex
File: tikzlibrarypositioning.code.tex 2020/01/08 v3.1.5b (3.1.5b)
)
(/usr/share/texlive/texmf-dist/tex/generic/pgf/frontendlayer/tikz/libraries/tik
zlibraryshadows.code.tex
File: tikzlibraryshadows.code.tex 2020/01/08 v3.1.5b (3.1.5b)

(/usr/share/texlive/texmf-dist/tex/generic/pgf/frontendlayer/tikz/libraries/tik
zlibraryfadings.code.tex
File: tikzlibraryfadings.code.tex 2020/01/08 v3.1.5b (3.1.5b)

(/usr/share/texlive/texmf-dist/tex/generic/pgf/libraries/pgflibraryfadings.code
.tex
File: pgflibraryfadings.code.tex 2020/01/08 v3.1.5b (3.1.5b)
))) (/usr/share/texlive/texmf-dist/tex/latex/tools/calc.sty
Package: calc 2017/05/25 v4.3 Infix arithmetic (KKT,FJ)
\calc@Acount=\count357
\calc@Bcount=\count358
\calc@Adimen=\dimen330
\calc@Bdimen=\dimen331
\calc@Askip=\skip194
\calc@Bskip=\skip195
LaTeX Info: Redefining \setlength on input line 80.
LaTeX Info: Redefining \addtolength on input line 81.
\calc@Ccount=\count359
\calc@Cskip=\skip196
)
\c@@todonotes@numberoftodonotes=\count360
)
(/usr/share/texlive/texmf-dist/tex/latex/marginnote/marginnote.sty
Package: marginnote 2018/08/09 v1.4b non floating margin notes for LaTeX
\c@mn@abspage=\count361
)
(/usr/share/texlive/texmf-dist/tex/latex/graphics/lscape.sty
Package: lscape 2000/10/22 v3.01 Landscape Pages (DPC)
)
(/usr/share/texlive/texmf-dist/tex/latex/float/float.sty
Package: float 2001/11/08 v1.3d Float enhancements (AL)
\c@float@type=\count362
\float@exts=\toks46
\float@box=\box71
\@float@everytoks=\toks47
\@floatcapt=\box72
)
(/usr/share/texlive/texmf-dist/tex/generic/pgf/frontendlayer/tikz/libraries/tik
zlibraryshapes.geometric.code.tex
File: tikzlibraryshapes.geometric.code.tex 2020/01/08 v3.1.5b (3.1.5b)

(/usr/share/texlive/texmf-dist/tex/generic/pgf/libraries/shapes/pgflibraryshape
s.geometric.code.tex
File: pgflibraryshapes.geometric.code.tex 2020/01/08 v3.1.5b (3.1.5b)
))
(/usr/share/texlive/texmf-dist/tex/generic/pgf/frontendlayer/tikz/libraries/tik
zlibraryarrows.code.tex
File: tikzlibraryarrows.code.tex 2020/01/08 v3.1.5b (3.1.5b)

(/usr/share/texlive/texmf-dist/tex/generic/pgf/libraries/pgflibraryarrows.code.
tex
File: pgflibraryarrows.code.tex 2020/01/08 v3.1.5b (3.1.5b)
\arrowsize=\dimen332
)) (/usr/share/texlive/texmf-dist/tex/latex/subfiles/subfiles.sty
Package: subfiles 2020/02/14 v1.6 Multi-file projects (package)

(/usr/share/texlive/texmf-dist/tex/latex/import/import.sty
Package: import 2009/03/23  v 5.1
))
(./Complete_2ndDraft.aux

LaTeX Warning: Label `fig:AllAlphabetCores' multiply defined.


LaTeX Warning: Label `fig:AllAlphabetCores_LT' multiply defined.


LaTeX Warning: Label `Tab:SiteA_CoreSpecs' multiply defined.


LaTeX Warning: Label `Fig:DensProf_Examples' multiply defined.


LaTeX Warning: Label `Subsubsec:Ice_DiffusionAndDensification_IsoCFM_DiffLenPro
file' multiply defined.


LaTeX Warning: Label `Fig:ICE_DiffDensTerms' multiply defined.


LaTeX Warning: Label `Eq:dsigma2_dt' multiply defined.


LaTeX Warning: Label `Fig:ICE_ContourPlot' multiply defined.


LaTeX Warning: Label `Fig:DiffProf_Examples' multiply defined.

)
\openout1 = `Complete_2ndDraft.aux'.

LaTeX Font Info:    Checking defaults for OML/cmm/m/it on input line 98.
LaTeX Font Info:    ... okay on input line 98.
LaTeX Font Info:    Checking defaults for OMS/cmsy/m/n on input line 98.
LaTeX Font Info:    ... okay on input line 98.
LaTeX Font Info:    Checking defaults for OT1/cmr/m/n on input line 98.
LaTeX Font Info:    ... okay on input line 98.
LaTeX Font Info:    Checking defaults for T1/cmr/m/n on input line 98.
LaTeX Font Info:    ... okay on input line 98.
LaTeX Font Info:    Checking defaults for TS1/cmr/m/n on input line 98.
LaTeX Font Info:    ... okay on input line 98.
LaTeX Font Info:    Checking defaults for OMX/cmex/m/n on input line 98.
LaTeX Font Info:    ... okay on input line 98.
LaTeX Font Info:    Checking defaults for U/cmr/m/n on input line 98.
LaTeX Font Info:    ... okay on input line 98.
\AtBeginShipoutBox=\box73
 (/usr/share/texlive/texmf-dist/tex/context/base/mkii/supp-pdf.mkii
[Loading MPS to PDF converter (version 2006.09.02).]
\scratchcounter=\count363
\scratchdimen=\dimen333
\scratchbox=\box74
\nofMPsegments=\count364
\nofMParguments=\count365
\everyMPshowfont=\toks48
\MPscratchCnt=\count366
\MPscratchDim=\dimen334
\MPnumerator=\count367
\makeMPintoPDFobject=\count368
\everyMPtoPDFconversion=\toks49
) (/usr/share/texlive/texmf-dist/tex/latex/epstopdf-pkg/epstopdf-base.sty
Package: epstopdf-base 2020-01-24 v2.11 Base part for package epstopdf
Package epstopdf-base Info: Redefining graphics rule for `.eps' on input line 4
85.

(/usr/share/texlive/texmf-dist/tex/latex/latexconfig/epstopdf-sys.cfg
File: epstopdf-sys.cfg 2010/07/13 v1.3 Configuration of (r)epstopdf for TeX Liv
e
))
Package caption Info: Begin \AtBeginDocument code.
Package caption Info: float package is loaded.
Package caption Info: listings package is loaded.
Package caption Info: End \AtBeginDocument code.
\c@lstlisting=\count369

ABD: EveryShipout initializing macros
LaTeX Info: Redefining \celsius on input line 98.
Package gensymb Info: Faking symbols for \degree and \celsius on input line 98.



Package gensymb Warning: Not defining \perthousand.

LaTeX Info: Redefining \ohm on input line 98.
Package gensymb Info: Using \Omega for \ohm on input line 98.

Package gensymb Warning: Not defining \micro.

(/usr/share/texlive/texmf-dist/tex/latex/listings/lstlang1.sty
File: lstlang1.sty 2019/09/10 1.8c listings language file
)
LaTeX Font Info:    Trying to load font information for U+msa on input line 102
.

(/usr/share/texlive/texmf-dist/tex/latex/amsfonts/umsa.fd
File: umsa.fd 2013/01/14 v3.01 AMS symbols A
)
LaTeX Font Info:    Trying to load font information for U+msb on input line 102
.

(/usr/share/texlive/texmf-dist/tex/latex/amsfonts/umsb.fd
File: umsb.fd 2013/01/14 v3.01 AMS symbols B
)
LaTeX Font Info:    Trying to load font information for U+wasy on input line 10
2.

(/usr/share/texlive/texmf-dist/tex/latex/wasysym/uwasy.fd
File: uwasy.fd 2020/01/19 v2.4 Wasy-2 symbol font definitions
)
LaTeX Font Info:    Trying to load font information for U+rsfs on input line 10
2.

(/usr/share/texlive/texmf-dist/tex/latex/jknapltx/ursfs.fd
File: ursfs.fd 1998/03/24 rsfs font definition file (jk)
)
<../Figures/TurnerEruptionofSoufriere-Mountains.jpg, id=29, 947.54pt x 690.58pt
>
File: ../Figures/TurnerEruptionofSoufriere-Mountains.jpg Graphic file (type jpg
)
<use ../Figures/TurnerEruptionofSoufriere-Mountains.jpg>
Package pdftex.def Info: ../Figures/TurnerEruptionofSoufriere-Mountains.jpg  us
ed on input line 106.
(pdftex.def)             Requested size: 295.20113pt x 215.14186pt.
 [1


{/var/lib/texmf/fonts/map/pdftex/updmap/pdftex.map} <../Figures/TurnerEruptiono
fSoufriere-Mountains.jpg>] [2] [3] [4

] (./Complete_2ndDraft.tdo
Overfull \hbox (5.37685pt too wide) in paragraph at lines 12--12
 \OT1/cmr/m/n/10.95 ON ALL THE CAL-CU-LA-TIONS. WRITE THE GEN-ERAL IDEAS 
 []


Underfull \vbox (badness 3428) has occurred while \output is active []

 [5])
(./Complete_2ndDraft.toc
Overfull \hbox (0.16711pt too wide) detected at line 7
 \OT1/cmr/bx/n/10.95 xiii
 []

[6] [7] [8]) [9] (./Complete_2ndDraft.lof
Overfull \hbox (2.23605pt too wide) in paragraph at lines 9--9
 [][] []\OT1/cmr/m/n/10.95 Contribution of the dif-fu-sion(dashed) and densific
ation(dot-dashed) 
 []


LaTeX Warning: Citation `ClausenHammer1988' on page x undefined on input line 1
6.

[10] [11]
Overfull \hbox (10.84265pt too wide) in paragraph at lines 38--38
 [][] []\OT1/cmr/m/n/10.95 AWI B-cores av-er-aged den-sity mea-sure-ments and r
e-lated HL-modeled 
 []


Overfull \hbox (2.23605pt too wide) in paragraph at lines 41--41
 [][] []\OT1/cmr/m/n/10.95 Contribution of the dif-fu-sion(dashed) and densific
ation(dot-dashed) 
 []

) (./Complete_2ndDraft.lot
Underfull \vbox (badness 10000) has occurred while \output is active []

 [12])
(./Complete_2ndDraft.lol) [13] [14

]
(../Chapters/Introduction/Chapter_Introduction2.tex

LaTeX Warning: Reference `label' on page 1 undefined on input line 13.

<../Figures/summersWinters_LT.png, id=105, 942.52126pt x 242.9075pt>
File: ../Figures/summersWinters_LT.png Graphic file (type png)
<use ../Figures/summersWinters_LT.png>
Package pdftex.def Info: ../Figures/summersWinters_LT.png  used on input line 1
7.
(pdftex.def)             Requested size: 369.0pt x 95.10048pt.
[1

]
Underfull \vbox (badness 10000) has occurred while \output is active []

 [2 <../Figures/summersWinters_LT.png>]) [3] [4

]
(../Chapters/IceTheory/Chapter_IceTheory2.tex
<../Figures/Crete_10m_dated.png, id=124, 1250.6725pt x 327.2225pt>
File: ../Figures/Crete_10m_dated.png Graphic file (type png)
<use ../Figures/Crete_10m_dated.png>
Package pdftex.def Info: ../Figures/Crete_10m_dated.png  used on input line 15.

(pdftex.def)             Requested size: 369.0pt x 96.54477pt.
 [5 <../Figures/Crete_10m_dated.png>] [6]
<../Figures/firn_popular.jpg, id=137, 510.708pt x 555.2745pt>
File: ../Figures/firn_popular.jpg Graphic file (type jpg)
<use ../Figures/firn_popular.jpg>
Package pdftex.def Info: ../Figures/firn_popular.jpg  used on input line 52.
(pdftex.def)             Requested size: 111.0pt x 120.6865pt.

Underfull \hbox (badness 1472) in paragraph at lines 53--53
\OT1/cmr/m/n/10.95 from snow de-po-si-tion
 []


LaTeX Warning: Marginpar on page 7 moved by 47.952pt.


Overfull \hbox (35.87552pt too wide) in paragraph at lines 66--67
[]\OT1/cmr/m/n/10.95 A num-ber of dif-fer-ent den-si-fi-ca-tion mod-els have be
en de-vel-oped(REFERENCES),
 []

[7 <../Figures/Firn_popular.jpg>]
<../Figures/DensProf_Examples.png, id=142, 416.55624pt x 506.89375pt>
File: ../Figures/DensProf_Examples.png Graphic file (type png)
<use ../Figures/DensProf_Examples.png>
Package pdftex.def Info: ../Figures/DensProf_Examples.png  used on input line 8
3.
(pdftex.def)             Requested size: 111.0pt x 135.06873pt.

Underfull \hbox (badness 3623) in paragraph at lines 84--84
[]\OT1/cmr/m/n/10.95 Figure 2.3: |Den-sity
 []


Underfull \hbox (badness 10000) in paragraph at lines 84--84
\OT1/cmr/m/n/10.95 five dif-fer-ent ini-tial
 []


Underfull \hbox (badness 4242) in paragraph at lines 84--84
\OT1/cmr/m/n/10.95 at the five dif-fer-ent
 []


Underfull \hbox (badness 10000) in paragraph at lines 84--84
\OT1/cmr/m/n/10.95 ice core lo-ca-tions.
 []

<../Figures/SiteA_DensProfile_wHL.jpg, id=143, 433.62pt x 505.89pt>
File: ../Figures/SiteA_DensProfile_wHL.jpg Graphic file (type jpg)
<use ../Figures/SiteA_DensProfile_wHL.jpg>
Package pdftex.def Info: ../Figures/SiteA_DensProfile_wHL.jpg  used on input li
ne 95.
(pdftex.def)             Requested size: 111.0pt x 129.49812pt.

Underfull \hbox (badness 3623) in paragraph at lines 96--96
[]\OT1/cmr/m/n/10.95 Figure 2.4: |Den-sity
 []


Underfull \hbox (badness 8038) in paragraph at lines 96--96
\OT1/cmr/m/n/10.95 Site A near Cr^ete.
 []


Underfull \hbox (badness 3281) in paragraph at lines 96--96
\OT1/cmr/m/n/10.95 density mea-sure-ments
 []


LaTeX Warning: Marginpar on page 8 moved by 158.64603pt.

[8 <../Figures/DensProf_Examples.png> <../Figures/SiteA_DensProfile_wHL.jpg>]
[9]

LaTeX Warning: Citation `RAMSEIER1967' on page 10 undefined on input line 157.

[10] [11]

LaTeX Warning: Reference `Sec:Method_Sampling' on page 12 undefined on input li
ne 223.

[12] [13] [14]
<../Figures/Analytical_DiffLenEq_terms_SiteA.png, id=181, 484.81125pt x 557.081
25pt>
File: ../Figures/Analytical_DiffLenEq_terms_SiteA.png Graphic file (type png)
<use ../Figures/Analytical_DiffLenEq_terms_SiteA.png>
Package pdftex.def Info: ../Figures/Analytical_DiffLenEq_terms_SiteA.png  used 
on input line 269.
(pdftex.def)             Requested size: 221.40225pt x 254.40741pt.


LaTeX Warning: Citation `Gkinis2021' on page 15 undefined on input line 274.

[15 <../Figures/Analytical_DiffLenEq_terms_SiteA.png>]
<../Figures/ContourPlot_Alphabet.png, id=187, 532.99126pt x 399.4925pt>
File: ../Figures/ContourPlot_Alphabet.png Graphic file (type png)
<use ../Figures/ContourPlot_Alphabet.png>
Package pdftex.def Info: ../Figures/ContourPlot_Alphabet.png  used on input lin
e 280.
(pdftex.def)             Requested size: 258.29887pt x 193.60733pt.


LaTeX Warning: Citation `Gkinis2021' on page 16 undefined on input line 286.

<../Figures/DiffProf_Examples.png, id=188, 528.97626pt x 506.89375pt>
File: ../Figures/DiffProf_Examples.png Graphic file (type png)
<use ../Figures/DiffProf_Examples.png>
Package pdftex.def Info: ../Figures/DiffProf_Examples.png  used on input line 2
90.
(pdftex.def)             Requested size: 111.0pt x 106.36574pt.

Underfull \hbox (badness 10000) in paragraph at lines 291--291
[]\OT1/cmr/m/n/10.95 Figure 2.7: |An-a-
 []


Underfull \hbox (badness 10000) in paragraph at lines 291--291
\OT1/cmr/m/n/10.95 lyt-i-cally cal-cu-lated
 []


Underfull \hbox (badness 10000) in paragraph at lines 291--291
\OT1/cmr/m/n/10.95 ex-am-ples given five
 []


Underfull \hbox (badness 10000) in paragraph at lines 291--291
\OT1/cmr/m/n/10.95 dif-fer-ent ini-tial con-
 []


Underfull \hbox (badness 10000) in paragraph at lines 291--291
\OT1/cmr/m/n/10.95 di-tions rep-re-sent-ing
 []


Underfull \hbox (badness 4242) in paragraph at lines 291--291
\OT1/cmr/m/n/10.95 at the five dif-fer-ent
 []


Underfull \hbox (badness 10000) in paragraph at lines 291--291
\OT1/cmr/m/n/10.95 ice core lo-ca-tions.
 []


Underfull \vbox (badness 10000) has occurred while \output is active []

 [16 <../Figures/ContourPlot_Alphabet.png> <../Figures/DiffProf_Examples.png>]

LaTeX Warning: Citation `Press2007' on page 17 undefined on input line 304.


LaTeX Warning: Citation `Press2007' on page 17 undefined on input line 304.

<../Figures/SiteA_ECM_d18O_full.png, id=195, 833.1125pt x 399.4925pt>
File: ../Figures/SiteA_ECM_d18O_full.png Graphic file (type png)
<use ../Figures/SiteA_ECM_d18O_full.png>
Package pdftex.def Info: ../Figures/SiteA_ECM_d18O_full.png  used on input line
 317.
(pdftex.def)             Requested size: 369.0pt x 176.94153pt.
[17 <../Figures/SiteA_ECM_d18O_full.png>] [18]

LaTeX Warning: Reference `Fig:ICE_SiteA_ECM' on page 19 undefined on input line
 349.

[19]) [20] (../Chapters/Data/Chapter_Data2.tex
File: ../Figures/summersWinters_LT.png Graphic file (type png)
<use ../Figures/summersWinters_LT.png>
Package pdftex.def Info: ../Figures/summersWinters_LT.png  used on input line 1
1.
(pdftex.def)             Requested size: 369.0pt x 95.10048pt.


LaTeX Warning: Citation `Wei2008' on page 21 undefined on input line 16.


LaTeX Warning: Citation `Dai2009' on page 21 undefined on input line 16.

[21

]
<../Figures/SiteA_ECMd18O_combo.png, id=219, 722.7pt x 433.62pt>
File: ../Figures/SiteA_ECMd18O_combo.png Graphic file (type png)
<use ../Figures/SiteA_ECMd18O_combo.png>
Package pdftex.def Info: ../Figures/SiteA_ECMd18O_combo.png  used on input line
 21.
(pdftex.def)             Requested size: 295.20113pt x 177.11708pt.


LaTeX Warning: Citation `ClausenHammer1988' on page 22 undefined on input line 
34.


LaTeX Warning: Reference `fig:LakiTambDepths_corr' on page 22 undefined on inpu
t line 34.


LaTeX Warning: Citation `ClausenHammer1988' on page 22 undefined on input line 
34.

[22 <../Figures/SiteA_ECMd18O_combo.png>]
<../Figures/TambDepth_corr.png, id=225, 552.0625pt x 765.86125pt>
File: ../Figures/TambDepth_corr.png Graphic file (type png)
<use ../Figures/TambDepth_corr.png>
Package pdftex.def Info: ../Figures/TambDepth_corr.png  used on input line 40.
(pdftex.def)             Requested size: 166.04887pt x 230.35614pt.
<../Figures/LakiDepth_corr.png, id=226, 544.0325pt x 763.85374pt>
File: ../Figures/LakiDepth_corr.png Graphic file (type png)
<use ../Figures/LakiDepth_corr.png>
Package pdftex.def Info: ../Figures/LakiDepth_corr.png  used on input line 47.
(pdftex.def)             Requested size: 166.04887pt x 233.14404pt.


LaTeX Warning: Citation `ClausenHammer1988' on page 23 undefined on input line 
51.


LaTeX Warning: Citation `ClausenHammer1988' on page 23 undefined on input line 
51.


LaTeX Warning: `h' float specifier changed to `ht'.

[23 <../Figures/TambDepth_corr.png> <../Figures/LakiDepth_corr.png>]
<../Figures/SiteATambDepth_Gauss.png, id=234, 399.4925pt x 399.4925pt>
File: ../Figures/SiteATambDepth_Gauss.png Graphic file (type png)
<use ../Figures/SiteATambDepth_Gauss.png>
Package pdftex.def Info: ../Figures/SiteATambDepth_Gauss.png  used on input lin
e 82.
(pdftex.def)             Requested size: 111.0pt x 110.99763pt.


LaTeX Warning: Marginpar on page 24 moved by 65.01756pt.

<../Figures/SiteALakiDepth_Gauss.png, id=235, 399.4925pt x 399.4925pt>
File: ../Figures/SiteALakiDepth_Gauss.png Graphic file (type png)
<use ../Figures/SiteALakiDepth_Gauss.png>
Package pdftex.def Info: ../Figures/SiteALakiDepth_Gauss.png  used on input lin
e 90.
(pdftex.def)             Requested size: 111.0pt x 110.99763pt.

LaTeX Warning: Marginpar on page 24 moved by 298.17773pt.


LaTeX Warning: Reference `Alphabet_Map' on page 24 undefined on input line 101.



LaTeX Warning: Marginpar on page 24 moved by 250.60364pt.


LaTeX Warning: Reference `App:Data_AWI' on page 24 undefined on input line 108.


[24 <../Figures/SiteATambDepth_Gauss.png> <../Figures/SiteALakiDepth_Gauss.png>
]
<../Figures/B23_ECMd18O_combo.png, id=242, 722.7pt x 433.62pt>
File: ../Figures/B23_ECMd18O_combo.png Graphic file (type png)
<use ../Figures/B23_ECMd18O_combo.png>
Package pdftex.def Info: ../Figures/B23_ECMd18O_combo.png  used on input line 1
12.
(pdftex.def)             Requested size: 295.20113pt x 177.11708pt.
<../Figures/AllAlphabetCores.png, id=243, 842.14626pt x 842.14626pt>
File: ../Figures/AllAlphabetCores.png Graphic file (type png)
<use ../Figures/AllAlphabetCores.png>
Package pdftex.def Info: ../Figures/AllAlphabetCores.png  used on input line 12
4.
(pdftex.def)             Requested size: 295.20113pt x 295.20535pt.


LaTeX Warning: `h' float specifier changed to `ht'.


LaTeX Warning: Citation `bibid' on page 25 undefined on input line 129.


LaTeX Warning: Citation `ClausenHammer1988' on page 25 undefined on input line 
130.

<../Figures/AllAlphabetCores_LT.png, id=244, 842.14626pt x 842.14626pt>
File: ../Figures/AllAlphabetCores_LT.png Graphic file (type png)
<use ../Figures/AllAlphabetCores_LT.png>
Package pdftex.def Info: ../Figures/AllAlphabetCores_LT.png  used on input line
 135.
(pdftex.def)             Requested size: 295.20113pt x 295.20535pt.

LaTeX Warning: `h' float specifier changed to `ht'.


LaTeX Warning: Reference `App:CoreSpecs' on page 25 undefined on input line 147
.


Underfull \vbox (badness 3679) has occurred while \output is active []

 [25 <../Figures/B23_ECMd18O_combo.png>]

LaTeX Warning: Marginpar on page 26 moved by 34.2475pt.


LaTeX Warning: `h' float specifier changed to `ht'.

) [26 <../Figures/AllAlphabetCores.png>] [27 <../Figures/AllAlphabetCores_LT.pn
g>] [28] (../Chapters/SignalAnalysis/Chapter_SignalAnalysisAndCompMeth.tex
[29

] [30]
<../Figures/SpectralTransforms_3.png, id=273, 1300.86pt x 433.62pt>
File: ../Figures/SpectralTransforms_3.png Graphic file (type png)
<use ../Figures/SpectralTransforms_3.png>
Package pdftex.def Info: ../Figures/SpectralTransforms_3.png  used on input lin
e 86.
(pdftex.def)             Requested size: 369.0pt x 123.00073pt.
<../Figures/SpectralTransforms_PSD.png, id=274, 1300.86pt x 433.62pt>
File: ../Figures/SpectralTransforms_PSD.png Graphic file (type png)
<use ../Figures/SpectralTransforms_PSD.png>
Package pdftex.def Info: ../Figures/SpectralTransforms_PSD.png  used on input l
ine 93.
(pdftex.def)             Requested size: 369.0pt x 123.00073pt.


LaTeX Warning: `h' float specifier changed to `ht'.

[31 <../Figures/SpectralTransforms_3.png>] [32 <../Figures/SpectralTransforms_P
SD.png>] [33]
<../Figures/SpectralTransforms_PSDwFits.png, id=289, 1300.86pt x 433.62pt>
File: ../Figures/SpectralTransforms_PSDwFits.png Graphic file (type png)
<use ../Figures/SpectralTransforms_PSDwFits.png>
Package pdftex.def Info: ../Figures/SpectralTransforms_PSDwFits.png  used on in
put line 184.
(pdftex.def)             Requested size: 369.0pt x 123.00073pt.


LaTeX Warning: Reference `Sec:SignalAnalysis_Restoration' on page 34 undefined 
on input line 185.


LaTeX Warning: Reference `Sec:SignalAnalysis_Restoration' on page 34 undefined 
on input line 185.

<../Figures/SiteA_WienerFilter.jpg, id=290, 361.35pt x 289.08pt>
File: ../Figures/SiteA_WienerFilter.jpg Graphic file (type jpg)
<use ../Figures/SiteA_WienerFilter.jpg>
Package pdftex.def Info: ../Figures/SiteA_WienerFilter.jpg  used on input line 
196.
(pdftex.def)             Requested size: 111.0pt x 88.79784pt.
<../Figures/SiteA_WienerFilter_loglog.jpg, id=291, 361.35pt x 289.08pt>
File: ../Figures/SiteA_WienerFilter_loglog.jpg Graphic file (type jpg)
<use ../Figures/SiteA_WienerFilter_loglog.jpg>
Package pdftex.def Info: ../Figures/SiteA_WienerFilter_loglog.jpg  used on inpu
t line 203.
(pdftex.def)             Requested size: 111.0pt x 88.79784pt.
[34 <../Figures/SpectralTransforms_PSDwFits.png> <../Figures/SiteA_WienerFilter
.jpg> <../Figures/SiteA_WienerFilter_loglog.jpg>]
<../Figures/SiteA_filtersEx.jpg, id=297, 867.24pt x 578.16pt>
File: ../Figures/SiteA_filtersEx.jpg Graphic file (type jpg)
<use ../Figures/SiteA_filtersEx.jpg>
Package pdftex.def Info: ../Figures/SiteA_filtersEx.jpg  used on input line 241
.
(pdftex.def)             Requested size: 369.0pt x 246.00146pt.


LaTeX Warning: `h' float specifier changed to `ht'.

[35]
Underfull \vbox (badness 5077) has occurred while \output is active []

 [36 <../Figures/SiteA_filtersEx.jpg>]
<../Figures/ALTestimate_example.png, id=307, 387.4475pt x 636.3775pt>
File: ../Figures/ALTestimate_example.png Graphic file (type png)
<use ../Figures/ALTestimate_example.png>
Package pdftex.def Info: ../Figures/ALTestimate_example.png  used on input line
 262.
(pdftex.def)             Requested size: 111.0pt x 182.31137pt.


LaTeX Warning: Marginpar on page 37 moved by 48.12442pt.

<../Figures/AllCores_ALT_l5_s4.png, id=308, 1122.1925pt x 688.5725pt>
File: ../Figures/AllCores_ALT_l5_s4.png Graphic file (type png)
<use ../Figures/AllCores_ALT_l5_s4.png>
Package pdftex.def Info: ../Figures/AllCores_ALT_l5_s4.png  used on input line 
269.
(pdftex.def)             Requested size: 350.54887pt x 215.09431pt.
<../Figures/Crete_10m_PeaksTroughs.png, id=309, 1266.7325pt x 399.4925pt>
File: ../Figures/Crete_10m_PeaksTroughs.png Graphic file (type png)
<use ../Figures/Crete_10m_PeaksTroughs.png>
Package pdftex.def Info: ../Figures/Crete_10m_PeaksTroughs.png  used on input l
ine 285.
(pdftex.def)             Requested size: 369.0pt x 116.368pt.
[37 <../Figures/ALTestimate_example.png> <../Figures/AllCores_ALT_l5_s4.png>]

LaTeX Warning: Reference `' on page 38 undefined on input line 292.

[38 <../Figures/Crete_10m_PeaksTroughs.png>]

LaTeX Warning: Reference `fig:Interp' on page 39 undefined on input line 309.


LaTeX Warning: Reference `sec:???' on page 39 undefined on input line 311.


LaTeX Warning: Reference `fig:InterpFinal' on page 39 undefined on input line 3
11.


Overfull \hbox (0.37924pt too wide) in paragraph at lines 311--312
\OT1/cmr/m/n/10.95 y-sis, both times through the [][][][][][][][] pack-age [][]
[][][][][][][]
 []

[39] [40]
<../Figures/SiteA_DataSplineInterp.png, id=329, 760.8425pt x 397.485pt>
File: ../Figures/SiteA_DataSplineInterp.png Graphic file (type png)
<use ../Figures/SiteA_DataSplineInterp.png>
Package pdftex.def Info: ../Figures/SiteA_DataSplineInterp.png  used on input l
ine 343.
(pdftex.def)             Requested size: 369.0pt x 192.77998pt.
<../Figures/SiteA_MultiSplineInterp.png, id=330, 929.4725pt x 724.7075pt>
File: ../Figures/SiteA_MultiSplineInterp.png Graphic file (type png)
<use ../Figures/SiteA_MultiSplineInterp.png>
Package pdftex.def Info: ../Figures/SiteA_MultiSplineInterp.png  used on input 
line 350.
(pdftex.def)             Requested size: 369.0pt x 287.69942pt.


LaTeX Warning: `h' float specifier changed to `ht'.

Package marginnote Info: Suggest that margin note 55.1 will be on
(marginnote)             absolute page 55.
(marginnote)             This may be wrong on input line 374.
Package marginnote Info: xpos seems to be \@mn@currxpos  on input line 374.

Overfull \hbox (31.59442pt too wide) in paragraph at lines 374--374
 [] 
 []


Underfull \hbox (badness 5036) in paragraph at lines 374--374
\OT1/cmr/m/n/9 o-lu-tion used for test-ing
 []


Underfull \hbox (badness 2600) in paragraph at lines 374--374
\OT1/cmr/m/n/9 diffusion. Each test is
 []

[41 <../Figures/SiteA_DataSplineInterp.png>]
<../Figures/SiteA_InterpBF_SpecificResamplings.png, id=337, 1049.9225pt x 1264.
725pt>
File: ../Figures/SiteA_InterpBF_SpecificResamplings.png Graphic file (type png)

<use ../Figures/SiteA_InterpBF_SpecificResamplings.png>
Package pdftex.def Info: ../Figures/SiteA_InterpBF_SpecificResamplings.png  use
d on input line 381.
(pdftex.def)             Requested size: 369.0pt x 444.49371pt.


LaTeX Warning: `h' float specifier changed to `ht'.

<../Figures/AllCores_DiffLenVdelta_InterpBF_const.png, id=338, 1049.9225pt x 10
49.9225pt>
File: ../Figures/AllCores_DiffLenVdelta_InterpBF_const.png Graphic file (type p
ng)
<use ../Figures/AllCores_DiffLenVdelta_InterpBF_const.png>
Package pdftex.def Info: ../Figures/AllCores_DiffLenVdelta_InterpBF_const.png  
used on input line 388.
(pdftex.def)             Requested size: 369.0pt x 369.00032pt.

LaTeX Warning: `h' float specifier changed to `ht'.


LaTeX Warning: Reference `Fig:COMPMETH_SamlingVsDiffLen' on page 42 undefined o
n input line 398.

[42 <../Figures/SiteA_MultiSplineInterp.png>]
<../Figures/SiteA_InterpAF_SpecificResampling_BD.png, id=344, 1049.9225pt x 126
4.725pt>
File: ../Figures/SiteA_InterpAF_SpecificResampling_BD.png Graphic file (type pn
g)
<use ../Figures/SiteA_InterpAF_SpecificResampling_BD.png>
Package pdftex.def Info: ../Figures/SiteA_InterpAF_SpecificResampling_BD.png  u
sed on input line 402.
(pdftex.def)             Requested size: 369.0pt x 444.49371pt.


LaTeX Warning: `h' float specifier changed to `ht'.

<../Figures/AllCores_InterpAF_deltaVSdiffLen_BD.png, id=345, 1049.9225pt x 693.
59125pt>
File: ../Figures/AllCores_InterpAF_deltaVSdiffLen_BD.png Graphic file (type png
)
<use ../Figures/AllCores_InterpAF_deltaVSdiffLen_BD.png>
Package pdftex.def Info: ../Figures/AllCores_InterpAF_deltaVSdiffLen_BD.png  us
ed on input line 409.
(pdftex.def)             Requested size: 369.0pt x 243.76599pt.

LaTeX Warning: `h' float specifier changed to `ht'.

) [43] [44 <../Figures/SiteA_InterpBF_SpecificResamplings.png>] [45 <../Figures
/AllCores_DiffLenVdelta_InterpBF_const.png>] [46 <../Figures/SiteA_InterpAF_Spe
cificResampling_BD.png>] [47 <../Figures/AllCores_InterpAF_deltaVSdiffLen_BD.pn
g>] [48

] (../Chapters/Method/Chapter_Method2.tex [49]
Overfull \hbox (44.71219pt too wide) in paragraph at lines 79--80
[][] 
 []

<../Figures/SiteB_ConstVNoConst.png, id=379, 1084.05pt x 361.35pt>
File: ../Figures/SiteB_ConstVNoConst.png Graphic file (type png)
<use ../Figures/SiteB_ConstVNoConst.png>
Package pdftex.def Info: ../Figures/SiteB_ConstVNoConst.png  used on input line
 107.
(pdftex.def)             Requested size: 350.54887pt x 116.84738pt.

LaTeX Warning: `h' float specifier changed to `ht'.

<../Figures/AllCores_ALTs.png, id=380, 1049.9225pt x 1049.9225pt>
File: ../Figures/AllCores_ALTs.png Graphic file (type png)
<use ../Figures/AllCores_ALTs.png>
Package pdftex.def Info: ../Figures/AllCores_ALTs.png  used on input line 134.
(pdftex.def)             Requested size: 350.54887pt x 350.54471pt.
[50] [51]

LaTeX Warning: `h' float specifier changed to `ht'.

<../Figures/AllCores_ALTatLT_vs_lSec.png, id=391, 1059.96pt x 688.5725pt>
File: ../Figures/AllCores_ALTatLT_vs_lSec.png Graphic file (type png)
<use ../Figures/AllCores_ALTatLT_vs_lSec.png>
Package pdftex.def Info: ../Figures/AllCores_ALTatLT_vs_lSec.png  used on input
 line 145.
(pdftex.def)             Requested size: 350.54887pt x 227.72343pt.

LaTeX Warning: `h' float specifier changed to `ht'.

<../Figures/AllCores_ALT_at_DiffLsecs.png, id=392, 1049.9225pt x 1049.9225pt>
File: ../Figures/AllCores_ALT_at_DiffLsecs.png Graphic file (type png)
<use ../Figures/AllCores_ALT_at_DiffLsecs.png>
Package pdftex.def Info: ../Figures/AllCores_ALT_at_DiffLsecs.png  used on inpu
t line 151.
(pdftex.def)             Requested size: 350.54887pt x 350.54471pt.

LaTeX Warning: `h' float specifier changed to `ht'.

<../Figures/AllCores_ALTvsShift.png, id=393, 1049.9225pt x 688.5725pt>
File: ../Figures/AllCores_ALTvsShift.png Graphic file (type png)
<use ../Figures/AllCores_ALTvsShift.png>
Package pdftex.def Info: ../Figures/AllCores_ALTvsShift.png  used on input line
 163.
(pdftex.def)             Requested size: 350.54887pt x 229.89833pt.

LaTeX Warning: `h' float specifier changed to `ht'.

<../Figures/AllCores_ALT_at_DiffShifts.png, id=394, 1048.91875pt x 1049.9225pt>

File: ../Figures/AllCores_ALT_at_DiffShifts.png Graphic file (type png)
<use ../Figures/AllCores_ALT_at_DiffShifts.png>
Package pdftex.def Info: ../Figures/AllCores_ALT_at_DiffShifts.png  used on inp
ut line 169.
(pdftex.def)             Requested size: 350.54887pt x 350.88113pt.

LaTeX Warning: `h' float specifier changed to `ht'.

<../Figures/SiteA_SpecTrans_VisInspection.png, id=395, 747.79375pt x 363.3575pt
>
File: ../Figures/SiteA_SpecTrans_VisInspection.png Graphic file (type png)
<use ../Figures/SiteA_SpecTrans_VisInspection.png>
Package pdftex.def Info: ../Figures/SiteA_SpecTrans_VisInspection.png  used on 
input line 184.
(pdftex.def)             Requested size: 295.20113pt x 143.43869pt.

LaTeX Warning: `h' float specifier changed to `ht'.

<../Figures/SiteA_SpecTrans_Speed.png, id=396, 790.955pt x 391.4625pt>
File: ../Figures/SiteA_SpecTrans_Speed.png Graphic file (type png)
<use ../Figures/SiteA_SpecTrans_Speed.png>
Package pdftex.def Info: ../Figures/SiteA_SpecTrans_Speed.png  used on input li
ne 195.
(pdftex.def)             Requested size: 350.54887pt x 173.4984pt.

LaTeX Warning: `h' float specifier changed to `ht'.

<../Figures/SiteA_Vary_LandT.png, id=397, 808.01875pt x 829.0975pt>
File: ../Figures/SiteA_Vary_LandT.png Graphic file (type png)
<use ../Figures/SiteA_Vary_LandT.png>
Package pdftex.def Info: ../Figures/SiteA_Vary_LandT.png  used on input line 21
3.
(pdftex.def)             Requested size: 350.54887pt x 359.69302pt.

LaTeX Warning: `h' float specifier changed to `ht'.

<../Figures/SiteA_Vary_Tonly.png, id=398, 817.0525pt x 395.4775pt>
File: ../Figures/SiteA_Vary_Tonly.png Graphic file (type png)
<use ../Figures/SiteA_Vary_Tonly.png>
Package pdftex.def Info: ../Figures/SiteA_Vary_Tonly.png  used on input line 22
5.
(pdftex.def)             Requested size: 350.54887pt x 169.67787pt.

LaTeX Warning: `h' float specifier changed to `ht'.

<../Figures/SiteA_Vary_Lonly.png, id=399, 817.0525pt x 395.4775pt>
File: ../Figures/SiteA_Vary_Lonly.png Graphic file (type png)
<use ../Figures/SiteA_Vary_Lonly.png>
Package pdftex.def Info: ../Figures/SiteA_Vary_Lonly.png  used on input line 23
7.
(pdftex.def)             Requested size: 350.54887pt x 169.67787pt.

LaTeX Warning: `h' float specifier changed to `ht'.

<../Figures/SiteA_LandT_Gauss_2Mnth.png, id=400, 829.0975pt x 323.2075pt>
File: ../Figures/SiteA_LandT_Gauss_2Mnth.png Graphic file (type png)
<use ../Figures/SiteA_LandT_Gauss_2Mnth.png>
Package pdftex.def Info: ../Figures/SiteA_LandT_Gauss_2Mnth.png  used on input 
line 249.
(pdftex.def)             Requested size: 350.54887pt x 136.65366pt.

LaTeX Warning: `h' float specifier changed to `ht'.

<../Figures/SiteA_Vary_LandT_2mnth_DCT.png, id=401, 815.045pt x 829.0975pt>
File: ../Figures/SiteA_Vary_LandT_2mnth_DCT.png Graphic file (type png)
<use ../Figures/SiteA_Vary_LandT_2mnth_DCT.png>
Package pdftex.def Info: ../Figures/SiteA_Vary_LandT_2mnth_DCT.png  used on inp
ut line 256.
(pdftex.def)             Requested size: 350.54887pt x 356.59354pt.

LaTeX Warning: `h' float specifier changed to `ht'.

<../Figures/SiteA_Vary_LandT_2mnth_NDCT.png, id=402, 815.045pt x 829.0975pt>
File: ../Figures/SiteA_Vary_LandT_2mnth_NDCT.png Graphic file (type png)
<use ../Figures/SiteA_Vary_LandT_2mnth_NDCT.png>
Package pdftex.def Info: ../Figures/SiteA_Vary_LandT_2mnth_NDCT.png  used on in
put line 263.
(pdftex.def)             Requested size: 350.54887pt x 356.59354pt.

LaTeX Warning: `h' float specifier changed to `ht'.

) [52 <../Figures/SiteB_ConstVNoConst.png>] [53 <../Figures/AllCores_ALTs.png>]
[54 <../Figures/AllCores_ALTatLT_vs_lSec.png>] [55 <../Figures/AllCores_ALT_at_
DiffLsecs.png>] [56 <../Figures/AllCores_ALTvsShift.png>] [57 <../Figures/AllCo
res_ALT_at_DiffShifts.png>] [58 <../Figures/SiteA_SpecTrans_VisInspection.png> 
<../Figures/SiteA_SpecTrans_Speed.png>] [59 <../Figures/SiteA_Vary_LandT.png>]
[60 <../Figures/SiteA_Vary_Tonly.png> <../Figures/SiteA_Vary_Lonly.png>]
[61 <../Figures/SiteA_LandT_Gauss_2Mnth.png>] [62 <../Figures/SiteA_Vary_LandT_
2mnth_DCT.png>] [63 <../Figures/SiteA_Vary_LandT_2mnth_NDCT.png>] [64

]
(../Chapters/Results/Chapter_Results2.tex
Overfull \hbox (72.68802pt too wide) in paragraph at lines 54--66
 [][] 
 []


Overfull \hbox (78.50166pt too wide) in paragraph at lines 70--81
 [][] 
 []


Overfull \hbox (109.79639pt too wide) in paragraph at lines 92--103
 [][] 
 []

[65]

LaTeX Warning: Marginpar on page 66 moved by 13.9216pt.


LaTeX Warning: Marginpar on page 66 moved by 26.9432pt.

) [66] (../Chapters/Conclusion/Chapter_Conclusion2.tex) [67

] [68

]
(./Complete_2ndDraft.bbl
bibitemlist
[69

] [70]) [71] [72

] (../Chapters/Appendix/Chapter_Appendix2.tex [73] [74]

Package xcolor Warning: Incompatible color definition on input line 50.


Package xcolor Warning: Incompatible color definition on input line 50.


Package xcolor Warning: Incompatible color definition on input line 50.

Package epstopdf Info: Source file: <../Figures/Core_LT_B16.eps>
(epstopdf)                    date: 2020-09-21 13:46:12
(epstopdf)                    size: 54193 bytes
(epstopdf)             Output file: <../Figures/Core_LT_B16-eps-converted-to.pd
f>
(epstopdf)                    date: 2020-09-21 13:47:12
(epstopdf)                    size: 25202 bytes
(epstopdf)             Command: <repstopdf --outfile=../Figures/Core_LT_B16-eps
-converted-to.pdf ../Figures/Core_LT_B16.eps>
(epstopdf)             \includegraphics on input line 52.
Package epstopdf Info: Output file is already uptodate.


pdfTeX warning: /usr/bin/pdflatex (file ../Figures/Core_LT_B16-eps-converted-to
.pdf): PDF inclusion: found PDF version <1.7>, but at most version <1.5> allowe
d
<../Figures/Core_LT_B16-eps-converted-to.pdf, id=513, 867.24pt x 650.43pt>
File: ../Figures/Core_LT_B16-eps-converted-to.pdf Graphic file (type pdf)
<use ../Figures/Core_LT_B16-eps-converted-to.pdf>
Package pdftex.def Info: ../Figures/Core_LT_B16-eps-converted-to.pdf  used on i
nput line 52.
(pdftex.def)             Requested size: 162.42172pt x 121.81638pt.
Package epstopdf Info: Source file: <../Figures/Core_LT_B18.eps>
(epstopdf)                    date: 2020-09-21 13:46:12
(epstopdf)                    size: 88789 bytes
(epstopdf)             Output file: <../Figures/Core_LT_B18-eps-converted-to.pd
f>
(epstopdf)                    date: 2020-09-21 13:47:12
(epstopdf)                    size: 33355 bytes
(epstopdf)             Command: <repstopdf --outfile=../Figures/Core_LT_B18-eps
-converted-to.pdf ../Figures/Core_LT_B18.eps>
(epstopdf)             \includegraphics on input line 52.
Package epstopdf Info: Output file is already uptodate.


pdfTeX warning: /usr/bin/pdflatex (file ../Figures/Core_LT_B18-eps-converted-to
.pdf): PDF inclusion: found PDF version <1.7>, but at most version <1.5> allowe
d
<../Figures/Core_LT_B18-eps-converted-to.pdf, id=514, 867.24pt x 650.43pt>
File: ../Figures/Core_LT_B18-eps-converted-to.pdf Graphic file (type pdf)
<use ../Figures/Core_LT_B18-eps-converted-to.pdf>
Package pdftex.def Info: ../Figures/Core_LT_B18-eps-converted-to.pdf  used on i
nput line 52.
(pdftex.def)             Requested size: 162.42172pt x 121.81638pt.
Package epstopdf Info: Source file: <../Figures/Core_LT_B19.eps>
(epstopdf)                    date: 2020-09-21 13:46:13
(epstopdf)                    size: 70522 bytes
(epstopdf)             Output file: <../Figures/Core_LT_B19-eps-converted-to.pd
f>
(epstopdf)                    date: 2020-09-21 13:47:13
(epstopdf)                    size: 25657 bytes
(epstopdf)             Command: <repstopdf --outfile=../Figures/Core_LT_B19-eps
-converted-to.pdf ../Figures/Core_LT_B19.eps>
(epstopdf)             \includegraphics on input line 52.
Package epstopdf Info: Output file is already uptodate.


pdfTeX warning: /usr/bin/pdflatex (file ../Figures/Core_LT_B19-eps-converted-to
.pdf): PDF inclusion: found PDF version <1.7>, but at most version <1.5> allowe
d
<../Figures/Core_LT_B19-eps-converted-to.pdf, id=515, 867.24pt x 650.43pt>
File: ../Figures/Core_LT_B19-eps-converted-to.pdf Graphic file (type pdf)
<use ../Figures/Core_LT_B19-eps-converted-to.pdf>
Package pdftex.def Info: ../Figures/Core_LT_B19-eps-converted-to.pdf  used on i
nput line 52.
(pdftex.def)             Requested size: 162.42172pt x 121.81638pt.
Package epstopdf Info: Source file: <../Figures/Core_LT_B20.eps>
(epstopdf)                    date: 2020-09-21 13:46:13
(epstopdf)                    size: 59288 bytes
(epstopdf)             Output file: <../Figures/Core_LT_B20-eps-converted-to.pd
f>
(epstopdf)                    date: 2020-09-21 13:47:13
(epstopdf)                    size: 24219 bytes
(epstopdf)             Command: <repstopdf --outfile=../Figures/Core_LT_B20-eps
-converted-to.pdf ../Figures/Core_LT_B20.eps>
(epstopdf)             \includegraphics on input line 53.
Package epstopdf Info: Output file is already uptodate.


pdfTeX warning: /usr/bin/pdflatex (file ../Figures/Core_LT_B20-eps-converted-to
.pdf): PDF inclusion: found PDF version <1.7>, but at most version <1.5> allowe
d
<../Figures/Core_LT_B20-eps-converted-to.pdf, id=516, 867.24pt x 650.43pt>
File: ../Figures/Core_LT_B20-eps-converted-to.pdf Graphic file (type pdf)
<use ../Figures/Core_LT_B20-eps-converted-to.pdf>
Package pdftex.def Info: ../Figures/Core_LT_B20-eps-converted-to.pdf  used on i
nput line 53.
(pdftex.def)             Requested size: 162.42172pt x 121.81638pt.
Package epstopdf Info: Source file: <../Figures/Core_LT_B21.eps>
(epstopdf)                    date: 2020-09-21 13:46:13
(epstopdf)                    size: 51941 bytes
(epstopdf)             Output file: <../Figures/Core_LT_B21-eps-converted-to.pd
f>
(epstopdf)                    date: 2020-09-21 13:47:14
(epstopdf)                    size: 24466 bytes
(epstopdf)             Command: <repstopdf --outfile=../Figures/Core_LT_B21-eps
-converted-to.pdf ../Figures/Core_LT_B21.eps>
(epstopdf)             \includegraphics on input line 53.
Package epstopdf Info: Output file is already uptodate.


pdfTeX warning: /usr/bin/pdflatex (file ../Figures/Core_LT_B21-eps-converted-to
.pdf): PDF inclusion: found PDF version <1.7>, but at most version <1.5> allowe
d
<../Figures/Core_LT_B21-eps-converted-to.pdf, id=517, 867.24pt x 650.43pt>
File: ../Figures/Core_LT_B21-eps-converted-to.pdf Graphic file (type pdf)
<use ../Figures/Core_LT_B21-eps-converted-to.pdf>
Package pdftex.def Info: ../Figures/Core_LT_B21-eps-converted-to.pdf  used on i
nput line 53.
(pdftex.def)             Requested size: 162.42172pt x 121.81638pt.
Package epstopdf Info: Source file: <../Figures/Core_LT_B22.eps>
(epstopdf)                    date: 2020-09-21 13:46:14
(epstopdf)                    size: 73382 bytes
(epstopdf)             Output file: <../Figures/Core_LT_B22-eps-converted-to.pd
f>
(epstopdf)                    date: 2020-09-21 13:47:14
(epstopdf)                    size: 28549 bytes
(epstopdf)             Command: <repstopdf --outfile=../Figures/Core_LT_B22-eps
-converted-to.pdf ../Figures/Core_LT_B22.eps>
(epstopdf)             \includegraphics on input line 53.
Package epstopdf Info: Output file is already uptodate.


pdfTeX warning: /usr/bin/pdflatex (file ../Figures/Core_LT_B22-eps-converted-to
.pdf): PDF inclusion: found PDF version <1.7>, but at most version <1.5> allowe
d
<../Figures/Core_LT_B22-eps-converted-to.pdf, id=518, 867.24pt x 650.43pt>
File: ../Figures/Core_LT_B22-eps-converted-to.pdf Graphic file (type pdf)
<use ../Figures/Core_LT_B22-eps-converted-to.pdf>
Package pdftex.def Info: ../Figures/Core_LT_B22-eps-converted-to.pdf  used on i
nput line 53.
(pdftex.def)             Requested size: 162.42172pt x 121.81638pt.
Package epstopdf Info: Source file: <../Figures/Core_LT_B23.eps>
(epstopdf)                    date: 2020-09-21 13:46:14
(epstopdf)                    size: 68301 bytes
(epstopdf)             Output file: <../Figures/Core_LT_B23-eps-converted-to.pd
f>
(epstopdf)                    date: 2020-09-21 13:47:15
(epstopdf)                    size: 27544 bytes
(epstopdf)             Command: <repstopdf --outfile=../Figures/Core_LT_B23-eps
-converted-to.pdf ../Figures/Core_LT_B23.eps>
(epstopdf)             \includegraphics on input line 54.
Package epstopdf Info: Output file is already uptodate.


pdfTeX warning: /usr/bin/pdflatex (file ../Figures/Core_LT_B23-eps-converted-to
.pdf): PDF inclusion: found PDF version <1.7>, but at most version <1.5> allowe
d
<../Figures/Core_LT_B23-eps-converted-to.pdf, id=519, 867.24pt x 650.43pt>
File: ../Figures/Core_LT_B23-eps-converted-to.pdf Graphic file (type pdf)
<use ../Figures/Core_LT_B23-eps-converted-to.pdf>
Package pdftex.def Info: ../Figures/Core_LT_B23-eps-converted-to.pdf  used on i
nput line 54.
(pdftex.def)             Requested size: 162.42172pt x 121.81638pt.

LaTeX Warning: Float too large for page by 22.68921pt on input line 56.

[75 <../Figures/Core_LT_B16-eps-converted-to.pdf> <../Figures/Core_LT_B18-eps-c
onverted-to.pdf> <../Figures/Core_LT_B19-eps-converted-to.pdf> <../Figures/Core
_LT_B20-eps-converted-to.pdf> <../Figures/Core_LT_B21-eps-converted-to.pdf> <..
/Figures/Core_LT_B22-eps-converted-to.pdf> <../Figures/Core_LT_B23-eps-converte
d-to.pdf>]
Package epstopdf Info: Source file: <../Figures/fig_dens_B16B18B19B20B21B22B23.
eps>
(epstopdf)                    date: 2020-09-25 10:48:49
(epstopdf)                    size: 216895 bytes
(epstopdf)             Output file: <../Figures/fig_dens_B16B18B19B20B21B22B23-
eps-converted-to.pdf>
(epstopdf)                    date: 2020-09-25 10:49:24
(epstopdf)                    size: 706644 bytes
(epstopdf)             Command: <repstopdf --outfile=../Figures/fig_dens_B16B18
B19B20B21B22B23-eps-converted-to.pdf ../Figures/fig_dens_B16B18B19B20B21B22B23.
eps>
(epstopdf)             \includegraphics on input line 65.
Package epstopdf Info: Output file is already uptodate.


pdfTeX warning: /usr/bin/pdflatex (file ../Figures/fig_dens_B16B18B19B20B21B22B
23-eps-converted-to.pdf): PDF inclusion: found PDF version <1.7>, but at most v
ersion <1.5> allowed
<../Figures/fig_dens_B16B18B19B20B21B22B23-eps-converted-to.pdf, id=761, 1084.0
5pt x 722.7pt>
File: ../Figures/fig_dens_B16B18B19B20B21B22B23-eps-converted-to.pdf Graphic fi
le (type pdf)
<use ../Figures/fig_dens_B16B18B19B20B21B22B23-eps-converted-to.pdf>
Package pdftex.def Info: ../Figures/fig_dens_B16B18B19B20B21B22B23-eps-converte
d-to.pdf  used on input line 65.
(pdftex.def)             Requested size: 553.5pt x 369.01321pt.

Overfull \hbox (12.09976pt too wide) in paragraph at lines 65--67
 [][] 
 []


LaTeX Warning: Float too large for page by 37.21321pt on input line 68.


LaTeX Warning: `h' float specifier changed to `ht'.

[76 <../Figures/fig_dens_B16B18B19B20B21B22B23-eps-converted-to.pdf>]
Package epstopdf Info: Source file: <../Figures/fig_densAve_B16B18B19B20B21B22B
23.eps>
(epstopdf)                    date: 2020-09-25 10:44:37
(epstopdf)                    size: 139555 bytes
(epstopdf)             Output file: <../Figures/fig_densAve_B16B18B19B20B21B22B
23-eps-converted-to.pdf>
(epstopdf)                    date: 2020-09-25 10:44:57
(epstopdf)                    size: 113267 bytes
(epstopdf)             Command: <repstopdf --outfile=../Figures/fig_densAve_B16
B18B19B20B21B22B23-eps-converted-to.pdf ../Figures/fig_densAve_B16B18B19B20B21B
22B23.eps>
(epstopdf)             \includegraphics on input line 76.
Package epstopdf Info: Output file is already uptodate.


pdfTeX warning: /usr/bin/pdflatex (file ../Figures/fig_densAve_B16B18B19B20B21B
22B23-eps-converted-to.pdf): PDF inclusion: found PDF version <1.7>, but at mos
t version <1.5> allowed
<../Figures/fig_densAve_B16B18B19B20B21B22B23-eps-converted-to.pdf, id=804, 108
4.05pt x 722.7pt>
File: ../Figures/fig_densAve_B16B18B19B20B21B22B23-eps-converted-to.pdf Graphic
 file (type pdf)
<use ../Figures/fig_densAve_B16B18B19B20B21B22B23-eps-converted-to.pdf>
Package pdftex.def Info: ../Figures/fig_densAve_B16B18B19B20B21B22B23-eps-conve
rted-to.pdf  used on input line 76.
(pdftex.def)             Requested size: 553.5pt x 369.01321pt.

Overfull \hbox (12.09976pt too wide) in paragraph at lines 76--78
 [][] 
 []


LaTeX Warning: Float too large for page by 37.21321pt on input line 79.


LaTeX Warning: `h' float specifier changed to `ht'.

[77 <../Figures/fig_densAve_B16B18B19B20B21B22B23-eps-converted-to.pdf>]
File: ../Figures/AllAlphabetCores.png Graphic file (type png)
<use ../Figures/AllAlphabetCores.png>
Package pdftex.def Info: ../Figures/AllAlphabetCores.png  used on input line 90
.
(pdftex.def)             Requested size: 332.09775pt x 332.09799pt.
File: ../Figures/AllAlphabetCores_LT.png Graphic file (type png)
<use ../Figures/AllAlphabetCores_LT.png>
Package pdftex.def Info: ../Figures/AllAlphabetCores_LT.png  used on input line
 97.
(pdftex.def)             Requested size: 369.0pt x 369.0035pt.

Underfull \vbox (badness 10000) has occurred while \output is active []

 [78












]
[79] [80] [81] [82]

LaTeX Font Warning: Font shape `U/wasy/b/n' in size <8> not available
(Font)              Font shape `U/wasy/m/n' tried instead on input line 181.


LaTeX Font Warning: Font shape `U/wasy/b/n' in size <6> not available
(Font)              Font shape `U/wasy/m/n' tried instead on input line 181.


Underfull \hbox (badness 10000) in paragraph at lines 185--187

 []

[83]
Underfull \vbox (badness 1895) has occurred while \output is active []

 [84]

LaTeX Warning: Reference `Sec:Method' on page 85 undefined on input line 241.


Overfull \hbox (17.2799pt too wide) in paragraph at lines 240--242
[]\OT1/cmr/m/n/10.95 It is pos-si-ble to de-velop al-go-rithms with the com-pu-
ta-tional cost of $\OMS/cmsy/m/n/10.95 O\OT1/cmr/m/n/10.95 (\OML/cmm/m/it/10.95
 N [] N\OT1/cmr/m/n/10.95 )$
 []

[85] [86]
Overfull \hbox (3.05711pt too wide) in paragraph at lines 267--271
\OT1/cmr/m/n/10.95 So the ex-is-tence and unique-ness of an in-ter-polant is gi
ven by the non-singularity
 []

[87] [88]
<../Figures/Monomials.png, id=899, 386.44376pt x 265.99374pt>
File: ../Figures/Monomials.png Graphic file (type png)
<use ../Figures/Monomials.png>
Package pdftex.def Info: ../Figures/Monomials.png  used on input line 313.
(pdftex.def)             Requested size: 111.0pt x 76.40157pt.

Underfull \hbox (badness 3009) in paragraph at lines 323--323
\OT1/cmr/m/n/9 con-tin-u-ously dif-fer-en-tiable
 []


Overfull \hbox (22.14932pt too wide) in paragraph at lines 319--326
\OT1/cmr/m/n/10.95 When turn-ing to piece-wise poly-no-mial in-ter-po-la-tion o
f the data points $(\OML/cmm/m/it/10.95 t[]; y[]\OT1/cmr/m/n/10.95 )\OML/cmm/m/
it/10.95 ;  i \OT1/cmr/m/n/10.95 =
 []


Underfull \hbox (badness 10000) in paragraph at lines 319--326

 []

[89 <../Figures/Monomials.png>] [90] [91]
<../Figures/AR1_process.png, id=915, 709.65125pt x 397.485pt>
File: ../Figures/AR1_process.png Graphic file (type png)
<use ../Figures/AR1_process.png>
Package pdftex.def Info: ../Figures/AR1_process.png  used on input line 359.
(pdftex.def)             Requested size: 295.20113pt x 165.34743pt.
<../Figures/AR1_process_W_backDiff.png, id=916, 709.65125pt x 397.485pt>
File: ../Figures/AR1_process_W_backDiff.png Graphic file (type png)
<use ../Figures/AR1_process_W_backDiff.png>
Package pdftex.def Info: ../Figures/AR1_process_W_backDiff.png  used on input l
ine 366.
(pdftex.def)             Requested size: 295.20113pt x 165.34743pt.
<../Figures/AR1_process_W_backDiff_PSD.png, id=917, 650.43pt x 722.7pt>
File: ../Figures/AR1_process_W_backDiff_PSD.png Graphic file (type png)
<use ../Figures/AR1_process_W_backDiff_PSD.png>
Package pdftex.def Info: ../Figures/AR1_process_W_backDiff_PSD.png  used on inp
ut line 373.
(pdftex.def)             Requested size: 221.40225pt x 246.00146pt.


LaTeX Warning: `h' float specifier changed to `ht'.

[92 <../Figures/AR1_process.png> <../Figures/AR1_process_W_backDiff.png>]
Overfull \hbox (13.26022pt too wide) detected at line 408
\OML/cmm/m/it/10.95 C[] \OT1/cmr/m/n/10.95 = []\OML/cmm/m/it/10.95 ; \OT1/cmr/m
/n/10.95 0\OML/cmm/m/it/10.95 :\OT1/cmr/m/n/10.95 55 \OML/cmm/m/it/10.95 < ^^Z 
< \OT1/cmr/m/n/10.95 0\OML/cmm/m/it/10.95 :\OT1/cmr/m/n/10.95 8
 []

[93 <../Figures/AR1_process_W_backDiff_PSD.png>]
Overfull \hbox (19.93082pt too wide) in paragraph at lines 444--447
\OT1/cmr/m/n/10.95 and plot-ting $[](\OML/cmm/m/it/10.95 k\OT1/cmr/m/n/10.95 )$
 ver-sus tem-per-a-ture - a so-called Ar-rhe-nius plot(REFERENCES)
 []

[94] [95]
File: ../Figures/DensProf_Examples.png Graphic file (type png)
<use ../Figures/DensProf_Examples.png>
Package pdftex.def Info: ../Figures/DensProf_Examples.png  used on input line 5
08.
(pdftex.def)             Requested size: 221.40225pt x 269.41814pt.
 [96] [97]

LaTeX Warning: Citation `MurphyKoop_2005' on page 98 undefined on input line 53
6.


LaTeX Warning: Citation `HallPrupacher1976' on page 98 undefined on input line 
557.


LaTeX Warning: Citation `Merlivat1978' on page 98 undefined on input line 563.


LaTeX Warning: Citation `Majoube1970' on page 98 undefined on input line 571.


LaTeX Warning: Citation `Ellehoj2013' on page 98 undefined on input line 571.

[98]

LaTeX Warning: Citation `MerlivatNief1967' on page 99 undefined on input line 5
81.


LaTeX Warning: Citation `Ellehoj2013' on page 99 undefined on input line 581.


LaTeX Warning: Citation `Lamb2017' on page 99 undefined on input line 581.


LaTeX Warning: Citation `BarkanLuz2005' on page 99 undefined on input line 597.



LaTeX Warning: Citation `Gkinis2021' on page 99 undefined on input line 597.


LaTeX Warning: Citation `Majoube1970' on page 99 undefined on input line 597.


LaTeX Warning: Citation `MerlivatNief1967' on page 99 undefined on input line 5
97.

[99]
File: ../Figures/Analytical_DiffLenEq_terms_SiteA.png Graphic file (type png)
<use ../Figures/Analytical_DiffLenEq_terms_SiteA.png>
Package pdftex.def Info: ../Figures/Analytical_DiffLenEq_terms_SiteA.png  used 
on input line 623.
(pdftex.def)             Requested size: 221.40225pt x 254.40741pt.


LaTeX Warning: Citation `Gkinis2021' on page 100 undefined on input line 628.

[100] [101]
File: ../Figures/ContourPlot_Alphabet.png Graphic file (type png)
<use ../Figures/ContourPlot_Alphabet.png>
Package pdftex.def Info: ../Figures/ContourPlot_Alphabet.png  used on input lin
e 678.
(pdftex.def)             Requested size: 258.29887pt x 193.60733pt.


LaTeX Warning: Citation `Gkinis2021' on page 102 undefined on input line 684.

File: ../Figures/DiffProf_Examples.png Graphic file (type png)
<use ../Figures/DiffProf_Examples.png>
Package pdftex.def Info: ../Figures/DiffProf_Examples.png  used on input line 6
88.
(pdftex.def)             Requested size: 258.29887pt x 247.51384pt.
[102]
Overfull \hbox (7.9822pt too wide) in paragraph at lines 702--704
[]\OT1/cmr/m/n/10.95 A new di-elec-tric pro-fil-ing tech-nique (DEP) was de-vel
-oped (REF-ER-ENCES)
 []


Underfull \vbox (badness 2538) has occurred while \output is active []

 [103]
[104] [105])

Package caption Warning: Unused \captionsetup[subsub] on input line 79.
See the caption package documentation for explanation.

\tf@tdo=\write5
\openout5 = `Complete_2ndDraft.tdo'.

\tf@toc=\write6
\openout6 = `Complete_2ndDraft.toc'.

\tf@lof=\write7
\openout7 = `Complete_2ndDraft.lof'.

\tf@lot=\write8
\openout8 = `Complete_2ndDraft.lot'.

\tf@lol=\write9
\openout9 = `Complete_2ndDraft.lol'.

(./Complete_2ndDraft.aux

Package pdfbase Warning: Rerun to get internal references right!

)

LaTeX Warning: There were undefined references.


LaTeX Warning: There were multiply-defined labels.

 ) 
Here is how much of TeX's memory you used:
 25465 strings out of 481239
 484860 string characters out of 5920377
 911806 words of memory out of 5000000
 40176 multiletter control sequences out of 15000+600000
 559429 words of font info for 133 fonts, out of 8000000 for 9000
 1141 hyphenation exceptions out of 8191
 52i,20n,95p,2304b,1384s stack positions out of 5000i,500n,10000p,200000b,80000s
{/usr/share/texmf/fonts/enc/dvips/cm-super/cm-super-ts1.enc}</usr/share/texli
ve/texmf-dist/fonts/type1/public/amsfonts/cm/cmbx10.pfb></usr/share/texlive/tex
mf-dist/fonts/type1/public/amsfonts/cm/cmbx12.pfb></usr/share/texlive/texmf-dis
t/fonts/type1/public/amsfonts/cm/cmbx8.pfb></usr/share/texlive/texmf-dist/fonts
/type1/public/amsfonts/cm/cmbx9.pfb></usr/share/texlive/texmf-dist/fonts/type1/
public/amsfonts/cm/cmex10.pfb></usr/share/texlive/texmf-dist/fonts/type1/public
/amsfonts/cmextra/cmex8.pfb></usr/share/texlive/texmf-dist/fonts/type1/public/a
msfonts/cm/cmmi10.pfb></usr/share/texlive/texmf-dist/fonts/type1/public/amsfont
s/cm/cmmi12.pfb></usr/share/texlive/texmf-dist/fonts/type1/public/amsfonts/cm/c
mmi6.pfb></usr/share/texlive/texmf-dist/fonts/type1/public/amsfonts/cm/cmmi8.pf
b></usr/share/texlive/texmf-dist/fonts/type1/public/amsfonts/cm/cmmi9.pfb></usr
/share/texlive/texmf-dist/fonts/type1/public/amsfonts/cm/cmmib10.pfb></usr/shar
e/texlive/texmf-dist/fonts/type1/public/amsfonts/cm/cmr10.pfb></usr/share/texli
ve/texmf-dist/fonts/type1/public/amsfonts/cm/cmr12.pfb></usr/share/texlive/texm
f-dist/fonts/type1/public/amsfonts/cm/cmr17.pfb></usr/share/texlive/texmf-dist/
fonts/type1/public/amsfonts/cm/cmr6.pfb></usr/share/texlive/texmf-dist/fonts/ty
pe1/public/amsfonts/cm/cmr8.pfb></usr/share/texlive/texmf-dist/fonts/type1/publ
ic/amsfonts/cm/cmr9.pfb></usr/share/texlive/texmf-dist/fonts/type1/public/amsfo
nts/cm/cmsl10.pfb></usr/share/texlive/texmf-dist/fonts/type1/public/amsfonts/cm
/cmsy10.pfb></usr/share/texlive/texmf-dist/fonts/type1/public/amsfonts/cm/cmsy6
.pfb></usr/share/texlive/texmf-dist/fonts/type1/public/amsfonts/cm/cmsy8.pfb></
usr/share/texlive/texmf-dist/fonts/type1/public/amsfonts/cm/cmsy9.pfb></usr/sha
re/texlive/texmf-dist/fonts/type1/public/amsfonts/cm/cmti10.pfb></usr/share/tex
live/texmf-dist/fonts/type1/public/amsfonts/cm/cmti12.pfb></usr/share/texlive/t
exmf-dist/fonts/type1/public/amsfonts/cm/cmtt9.pfb></usr/share/texlive/texmf-di
st/fonts/type1/public/amsfonts/symbols/msbm10.pfb></usr/share/texmf/fonts/type1
/public/cm-super/sfrm1095.pfb>
Output written on Complete_2ndDraft.pdf (119 pages, 6162212 bytes).
PDF statistics:
 1073 PDF objects out of 1200 (max. 8388607)
 516 compressed objects within 6 object streams
 0 named destinations out of 1000 (max. 500000)
 409 words of extra memory for PDF output out of 10000 (max. 10000000)

